logfile opened on Wed Oct 12 19:05:02 2022

------ Server Initialization ------
Server: cpm16
Hunk_Clear: reset the hunk ok
We are looking in the current search path:
/root/.q3a/cpma
/quake3/cpma
/quake3/cpma/z-cpma-pak152.pk3 (628 files)
/root/.q3a/baseq3
/root/.q3a/baseq3/pak8.pk3 (9 files)
/root/.q3a/baseq3/pak7.pk3 (4 files)
/root/.q3a/baseq3/pak6.pk3 (64 files)
/root/.q3a/baseq3/pak5.pk3 (7 files)
/root/.q3a/baseq3/pak4.pk3 (272 files)
/root/.q3a/baseq3/pak3.pk3 (4 files)
/root/.q3a/baseq3/pak2.pk3 (148 files)
/root/.q3a/baseq3/pak1.pk3 (26 files)
/root/.q3a/baseq3/pak0.pk3 (3539 files)
/root/.q3a/baseq3/map_cpmctf5.pk3 (16 files)
/root/.q3a/baseq3/map_cpmctf3.pk3 (118 files)
/root/.q3a/baseq3/map_cpmctf2.pk3 (57 files)
/root/.q3a/baseq3/map_cpmctf1.pk3 (45 files)
/root/.q3a/baseq3/map_cpma3.pk3 (10 files)
/root/.q3a/baseq3/map_cpm9.pk3 (10 files)
/root/.q3a/baseq3/map_cpm8.pk3 (13 files)
/root/.q3a/baseq3/map_cpm7.pk3 (15 files)
/root/.q3a/baseq3/map_cpm6.pk3 (41 files)
/root/.q3a/baseq3/map_cpm5.pk3 (7 files)
/root/.q3a/baseq3/map_cpm4a.pk3 (74 files)
/root/.q3a/baseq3/map_cpm4.pk3 (7 files)
/root/.q3a/baseq3/map_cpm3a.pk3 (79 files)
/root/.q3a/baseq3/map_cpm3.pk3 (28 files)
/root/.q3a/baseq3/map_cpm29.pk3 (78 files)
/root/.q3a/baseq3/map_cpm28.pk3 (33 files)
/root/.q3a/baseq3/map_cpm27.pk3 (95 files)
/root/.q3a/baseq3/map_cpm26_cpmctf4.pk3 (100 files)
/root/.q3a/baseq3/map_cpm25.pk3 (59 files)
/root/.q3a/baseq3/map_cpm24.pk3 (44 files)
/root/.q3a/baseq3/map_cpm23.pk3 (91 files)
/root/.q3a/baseq3/map_cpm22.pk3 (60 files)
/root/.q3a/baseq3/map_cpm21.pk3 (93 files)
/root/.q3a/baseq3/map_cpm20.pk3 (82 files)
/root/.q3a/baseq3/map_cpm2.pk3 (14 files)
/root/.q3a/baseq3/map_cpm1a.pk3 (57 files)
/root/.q3a/baseq3/map_cpm19.pk3 (58 files)
/root/.q3a/baseq3/map_cpm18r.pk3 (79 files)
/root/.q3a/baseq3/map_cpm18.pk3 (77 files)
/root/.q3a/baseq3/map_cpm17.pk3 (71 files)
/root/.q3a/baseq3/map_cpm16.pk3 (34 files)
/root/.q3a/baseq3/map_cpm15.pk3 (28 files)
/root/.q3a/baseq3/map_cpm14.pk3 (86 files)
/root/.q3a/baseq3/map_cpm13.pk3 (72 files)
/root/.q3a/baseq3/map_cpm12.pk3 (20 files)
/root/.q3a/baseq3/map_cpm11a.pk3 (18 files)
/root/.q3a/baseq3/map_cpm11.pk3 (15 files)
/root/.q3a/baseq3/map_cpm10.pk3 (16 files)
/quake3/baseq3

handle 1: qconsole.log
----------------------
6601 files in pk3 files
Loading vm file vm/qagame.qvm...
File "vm/qagame.qvm" found in "/quake3/cpma/z-cpma-pak152.pk3"
VM file qagame compiled to 3402547 bytes of code
qagame loaded in 6373888 bytes on the hunk
------- Game Initialization -------
gamename: cpma
gamedate: Apr 03 2019
------------------------------------------------------------
InitGame: \sv_hostname\q3.twst.dev\sv_minRate\0\sv_maxRate\0\sv_dlRate\100\sv_minPing\0\sv_maxPing\0\sv_floodProtect\0\dmflags\0\fraglimit\30\timelimit\60\g_gametype\0\sv_maxclients\8\g_maxGameClients\0\server_gameplay\CPM\sv_privateclients\1\sv_allowdownload\0\version\ioq3 1.36 linux-x86_64 Oct 12 2022\com_gamename\Quake3Arena\com_protocol\71\mapname\cpm16\sv_fps\20\game\CPMA\gamename\cpma\gamedate\Apr 03 2019\gameversion\1.52\sv_arenas\1\Score_Time\Warmup\Score_Red\0\Score_Blue\0\GTV_CN\1\g_needpass\0\mode_current\FFA\mapconfig\cpm16ffa
^3ServerEd:^7 processing map config: "maps\cpm16ffa.map" (6651 bytes).
0 teams with 0 entities
Loaded arena 0 (Iron Lung)
Game_Start:  in arena 0
broadcast: print "^3Standard Mode: ^5FFA\n"
broadcast: print "^3Base Game: ^5FFA\n"
broadcast: print "^3Fraglimit: ^530\n"
broadcast: print "^3Overtime Mode: ^5Sudden Death (first score decides)\n"
broadcast: print "^3MegaHealth Respawn: ^5PERIODIC\n"
broadcast: print "^3Warmup: ^5DISABLED\n"
broadcast: print "^3Weapon Respawn Delay: ^55\n"
Game_Start: FFA in arena 0
Loading maplist from cfg-maps/ffamaps.txt
Parsing classes/sniper.cfg
Parsing classes/scout.cfg
Parsing classes/tank.cfg
Parsing classes/fighter.cfg
-----------------------------------
------- BotLib Initialization -------
loaded weapons.c
loaded items.c
loaded syn.c
loaded rnd.c
loaded match.c
loaded rchat.c
------------ Map Loading ------------
trying to load maps/cpm16.aas
loaded maps/cpm16.aas
item_botroam in solid at (312.0 -96.0 456.0)
item_botroam in solid at (1024.0 -768.0 520.0)
item_botroam in solid at (453.0 -545.0 456.0)
found 70 level items
-------------------------------------
35 bots parsed
74 arenas parsed

ERROR: Could not open player filter file "filters.txt"
*** Player filters DISABLED.


*** Player name restrictions DISABLED

*** Admin logging DISABLED

>>> MOTD: Setting MOTD through cvars

AAS initialized.
-----------------------------------
Idle for 10 minutes: resetting back to defaults
broadcast: print "^3Standard Mode: ^5FFA\n"
broadcast: print "^3Base Game: ^5FFA\n"
broadcast: print "^3Fraglimit: ^530\n"
broadcast: print "^3Overtime Mode: ^5Sudden Death (first score decides)\n"
broadcast: print "^3MegaHealth Respawn: ^5PERIODIC\n"
broadcast: print "^3Warmup: ^5DISABLED\n"
broadcast: print "^3Weapon Respawn Delay: ^55\n"
Game_Start: FFA in arena 0
Loading maplist from cfg-maps/ffamaps.txt
^3ServerEd:^7 config found for cpm16ffa"
==== ShutdownGame ====
ShutdownGame:
------------------------------------------------------------
AAS shutdown.
------ Server Initialization ------
Server: cpm16
Hunk_Clear: reset the hunk ok
We are looking in the current search path:
/root/.q3a/cpma
/quake3/cpma
/quake3/cpma/z-cpma-pak152.pk3 (628 files)
/root/.q3a/baseq3
/root/.q3a/baseq3/pak8.pk3 (9 files)
/root/.q3a/baseq3/pak7.pk3 (4 files)
/root/.q3a/baseq3/pak6.pk3 (64 files)
/root/.q3a/baseq3/pak5.pk3 (7 files)
/root/.q3a/baseq3/pak4.pk3 (272 files)
/root/.q3a/baseq3/pak3.pk3 (4 files)
/root/.q3a/baseq3/pak2.pk3 (148 files)
/root/.q3a/baseq3/pak1.pk3 (26 files)
/root/.q3a/baseq3/pak0.pk3 (3539 files)
/root/.q3a/baseq3/map_cpmctf5.pk3 (16 files)
/root/.q3a/baseq3/map_cpmctf3.pk3 (118 files)
/root/.q3a/baseq3/map_cpmctf2.pk3 (57 files)
/root/.q3a/baseq3/map_cpmctf1.pk3 (45 files)
/root/.q3a/baseq3/map_cpma3.pk3 (10 files)
/root/.q3a/baseq3/map_cpm9.pk3 (10 files)
/root/.q3a/baseq3/map_cpm8.pk3 (13 files)
/root/.q3a/baseq3/map_cpm7.pk3 (15 files)
/root/.q3a/baseq3/map_cpm6.pk3 (41 files)
/root/.q3a/baseq3/map_cpm5.pk3 (7 files)
/root/.q3a/baseq3/map_cpm4a.pk3 (74 files)
/root/.q3a/baseq3/map_cpm4.pk3 (7 files)
/root/.q3a/baseq3/map_cpm3a.pk3 (79 files)
/root/.q3a/baseq3/map_cpm3.pk3 (28 files)
/root/.q3a/baseq3/map_cpm29.pk3 (78 files)
/root/.q3a/baseq3/map_cpm28.pk3 (33 files)
/root/.q3a/baseq3/map_cpm27.pk3 (95 files)
/root/.q3a/baseq3/map_cpm26_cpmctf4.pk3 (100 files)
/root/.q3a/baseq3/map_cpm25.pk3 (59 files)
/root/.q3a/baseq3/map_cpm24.pk3 (44 files)
/root/.q3a/baseq3/map_cpm23.pk3 (91 files)
/root/.q3a/baseq3/map_cpm22.pk3 (60 files)
/root/.q3a/baseq3/map_cpm21.pk3 (93 files)
/root/.q3a/baseq3/map_cpm20.pk3 (82 files)
/root/.q3a/baseq3/map_cpm2.pk3 (14 files)
/root/.q3a/baseq3/map_cpm1a.pk3 (57 files)
/root/.q3a/baseq3/map_cpm19.pk3 (58 files)
/root/.q3a/baseq3/map_cpm18r.pk3 (79 files)
/root/.q3a/baseq3/map_cpm18.pk3 (77 files)
/root/.q3a/baseq3/map_cpm17.pk3 (71 files)
/root/.q3a/baseq3/map_cpm16.pk3 (34 files)
/root/.q3a/baseq3/map_cpm15.pk3 (28 files)
/root/.q3a/baseq3/map_cpm14.pk3 (86 files)
/root/.q3a/baseq3/map_cpm13.pk3 (72 files)
/root/.q3a/baseq3/map_cpm12.pk3 (20 files)
/root/.q3a/baseq3/map_cpm11a.pk3 (18 files)
/root/.q3a/baseq3/map_cpm11.pk3 (15 files)
/root/.q3a/baseq3/map_cpm10.pk3 (16 files)
/quake3/baseq3

handle 1: qconsole.log
----------------------
6601 files in pk3 files
Loading vm file vm/qagame.qvm...
File "vm/qagame.qvm" found in "/quake3/cpma/z-cpma-pak152.pk3"
VM file qagame compiled to 3402547 bytes of code
qagame loaded in 6373888 bytes on the hunk
------- Game Initialization -------
gamename: cpma
gamedate: Apr 03 2019
------------------------------------------------------------
InitGame: \sv_hostname\q3.twst.dev\sv_minRate\0\sv_maxRate\0\sv_dlRate\100\sv_minPing\0\sv_maxPing\0\sv_floodProtect\0\dmflags\0\fraglimit\30\timelimit\60\g_gametype\0\sv_maxclients\8\g_maxGameClients\0\server_gameplay\CPM\sv_privateclients\1\sv_allowdownload\0\version\ioq3 1.36 linux-x86_64 Oct 12 2022\com_gamename\Quake3Arena\com_protocol\71\mapname\cpm16\sv_fps\20\game\CPMA\gamename\cpma\gamedate\Apr 03 2019\gameversion\1.52\sv_arenas\1\Score_Time\Warmup\Score_Red\0\Score_Blue\0\GTV_CN\1\g_needpass\0\mode_current\FFA\mapconfig\cpm16ffa
^3ServerEd:^7 processing map config: "maps\cpm16ffa.map" (6651 bytes).
0 teams with 0 entities
Loaded arena 0 (Iron Lung)
Game_Start:  in arena 0
broadcast: print "^3Standard Mode: ^5FFA\n"
broadcast: print "^3Base Game: ^5FFA\n"
broadcast: print "^3Fraglimit: ^530\n"
broadcast: print "^3Overtime Mode: ^5Sudden Death (first score decides)\n"
broadcast: print "^3MegaHealth Respawn: ^5PERIODIC\n"
broadcast: print "^3Warmup: ^5DISABLED\n"
broadcast: print "^3Weapon Respawn Delay: ^55\n"
Game_Start: FFA in arena 0
Loading maplist from cfg-maps/ffamaps.txt
Parsing classes/sniper.cfg
Parsing classes/scout.cfg
Parsing classes/tank.cfg
Parsing classes/fighter.cfg
-----------------------------------
------- BotLib Initialization -------
loaded weapons.c
loaded items.c
loaded syn.c
loaded rnd.c
loaded match.c
loaded rchat.c
------------ Map Loading ------------
trying to load maps/cpm16.aas
loaded maps/cpm16.aas
item_botroam in solid at (312.0 -96.0 456.0)
item_botroam in solid at (1024.0 -768.0 520.0)
item_botroam in solid at (453.0 -545.0 456.0)
found 70 level items
-------------------------------------
35 bots parsed
74 arenas parsed

ERROR: Could not open player filter file "filters.txt"
*** Player filters DISABLED.


*** Player name restrictions DISABLED

*** Admin logging DISABLED

>>> MOTD: Setting MOTD through cvars

AAS initialized.
-----------------------------------
Client 6 connecting with 50 challenge ping
ClientConnect: 1
ClientUserinfoChanged: 1 n\JavaScripter\t\0\model\doom/phobos\c1\geggg\hc\100\w\0\l\0\a\0\f\0\nick\JS\c\0
broadcast: print "JavaScripter ^7connected\n"
ClientUserinfoChanged: 1 n\JavaScripter\t\0\model\doom/phobos\c1\geggg\hc\100\w\0\l\0\a\0\f\0\nick\JS\c\0
broadcast: print "JavaScripter^7 entered the arena\n"
ClientBegin: 1
Sent authentication request to 'JavaScripter^7'
JavaScripter^7 has passed authorization.
Item: 1 item_armor_shard
Item: 1 item_health_small
Item: 1 item_armor_shard
Item: 1 item_health_small
Item: 1 item_health_small
Item: 1 ammo_rockets
Item: 1 ammo_rockets
Item: 1 weapon_lightning
Item: 1 item_armor_shard
Item: 1 item_armor_shard
Item: 1 item_health_large
Item: 1 item_health
Item: 1 item_health
Item: 1 item_armor_shard
Item: 1 item_health_small
Item: 1 item_armor_shard
Item: 1 item_health_small
Item: 1 weapon_plasmagun
Item: 1 ammo_bullets
Item: 1 item_health_large
Client 9 connecting with 50 challenge ping
ClientConnect: 2
ClientUserinfoChanged: 2 n\twist\t\0\model\tankjr/blue\c1\geggg\hc\100\w\0\l\0\a\0\f\0\nick\JS\c\0
broadcast: print "twist ^7connected\n"
Item: 1 weapon_rocketlauncher
Item: 1 ammo_shells
Item: 1 item_armor_combat
broadcast: print "twist^7 entered the arena\n"
ClientBegin: 2
Item: 1 item_health_small
Item: 1 item_health_small
Item: 1 item_health_small
Sent authentication request to 'twist^7'
twist^7 has passed authorization.
Item: 1 ammo_rockets
Item: 1 weapon_lightning
Game_Start: FFA in arena 0
Item: 2 item_armor_shard
Item: 2 item_health_small
Item: 2 item_armor_shard
Item: 1 weapon_rocketlauncher
Item: 1 ammo_shells
Item: 1 item_armor_combat
Item: 2 weapon_rocketlauncher
Item: 1 item_health_large
Item: 2 item_armor_jacket
Item: 2 item_health_small
Item: 2 item_health_small
Item: 1 item_armor_body
Item: 2 item_health_small
Item: 2 item_health_small
Item: 2 item_health_small
Item: 2 item_health_small
Item: 2 item_armor_combat
Item: 2 item_health_mega
Item: 2 item_armor_shard
Item: 2 item_armor_shard
Item: 1 item_health_small
Item: 2 weapon_rocketlauncher
Item: 1 item_health
Item: 2 item_armor_shard
Item: 2 item_armor_shard
Item: 1 item_quad
Kill: 1 2 6: JavaScripter killed twist by MOD_ROCKET 5 in arena 0
Kill: 1 1 7: JavaScripter killed JavaScripter by MOD_ROCKET_SPLASH 5 in arena 0
Item: 2 weapon_lightning
Item: 1 weapon_rocketlauncher
Item: 1 item_armor_combat
Item: 2 item_armor_shard
Item: 2 weapon_shotgun
Item: 2 item_armor_shard
Item: 2 weapon_rocketlauncher
Item: 2 weapon_rocketlauncher
Item: 1 item_armor_shard
Item: 1 item_health_small
Item: 1 item_armor_shard
Item: 2 item_quad
Kill: 2 1 11: twist killed JavaScripter by MOD_LIGHTNING 5 in arena 0
Item: 2 weapon_rocketlauncher
Item: 1 weapon_rocketlauncher
Item: 1 ammo_shells
Item: 2 item_health_large
Item: 2 item_armor_body
Item: 1 item_health_small
Item: 1 item_health_small
Item: 1 item_armor_combat
Item: 2 weapon_rocketlauncher
Item: 2 item_health
Item: 1 item_health_small
Item: 1 item_health_small
Item: 1 item_health_small
Item: 1 item_health_small
Item: 1 item_health_small
Kill: 2 1 11: twist killed JavaScripter by MOD_LIGHTNING 5 in arena 0
Item: 2 weapon_rocketlauncher
Item: 1 weapon_rocketlauncher
Item: 1 item_armor_combat
Item: 2 item_health
Item: 2 item_health
Item: 2 item_armor_shard
Item: 2 item_armor_shard
Item: 1 item_armor_shard
Kill: 2 1 6: twist killed JavaScripter by MOD_ROCKET 5 in arena 0
Item: 2 weapon_rocketlauncher
Item: 1 weapon_rocketlauncher
Item: 1 ammo_shells
Item: 2 item_armor_shard
Item: 2 item_health_small
Item: 2 item_armor_shard
Item: 1 item_health_large
Item: 2 weapon_rocketlauncher
Item: 2 item_armor_jacket
Item: 1 item_armor_body
Item: 2 item_health_small
Item: 2 item_health_small
Item: 2 item_armor_combat
Item: 1 item_health_small
Item: 2 item_health_mega
Item: 1 weapon_rocketlauncher
Item: 1 item_health
Item: 2 item_health_small
Item: 2 item_health_small
Item: 2 ammo_rockets
Item: 2 weapon_lightning
Item: 1 item_health_small
Item: 1 item_health_small
Item: 1 item_armor_shard
Item: 1 weapon_shotgun
Item: 1 item_armor_shard
Item: 2 item_armor_shard
Item: 2 item_armor_shard
Client 12 connecting with 50 challenge ping
Item: 2 weapon_grenadelauncher
Client 12 connecting with 3050 challenge ping
Item: 1 weapon_rocketlauncher
Item: 1 weapon_grenadelauncher
Item: 2 item_health_small
Item: 2 item_health_small
Item: 2 item_armor_combat
Kill: 2 1 7: twist killed JavaScripter by MOD_ROCKET_SPLASH 5 in arena 0
Item: 1 weapon_rocketlauncher
Item: 1 ammo_shells
Item: 2 weapon_rocketlauncher
Item: 1 item_armor_combat
Item: 1 item_armor_shard
Item: 1 item_health_large
Item: 1 item_armor_body
Item: 1 ammo_rockets
Item: 1 ammo_rockets
Item: 2 weapon_grenadelauncher
Item: 1 weapon_rocketlauncher
Item: 2 item_health_mega
Item: 1 item_health
Item: 2 item_armor_shard
Item: 1 weapon_rocketlauncher
Item: 2 item_health_small
Item: 2 item_health_small
Item: 2 item_armor_combat
Item: 2 item_health_small
Item: 1 item_armor_shard
Item: 2 ammo_rockets
Item: 2 weapon_lightning
Item: 2 ammo_shells
Item: 2 weapon_rocketlauncher
Item: 1 item_quad
Item: 1 item_health
Item: 2 weapon_rocketlauncher
Kill: 1 2 6: JavaScripter killed twist by MOD_ROCKET 5 in arena 0
Item: 1 weapon_rocketlauncher
Item: 1 item_armor_combat
Item: 1 item_health
Kill: 1 2 6: JavaScripter killed twist by MOD_ROCKET 2 in arena 0
Item: 1 item_armor_shard
Item: 1 item_health_small
Item: 1 item_armor_shard
Item: 1 item_health_small
Item: 1 item_armor_body
Item: 1 item_health_small
Item: 1 item_health_small
Item: 1 item_health_small
Item: 1 item_health_small
Item: 1 item_health_small
Item: 1 item_health_small
Item: 2 item_health_mega
Item: 2 item_armor_shard
Item: 2 item_armor_shard
Item: 1 ammo_rockets
Item: 1 weapon_lightning
Item: 2 weapon_lightning
Item: 1 item_armor_shard
Item: 2 item_health_small
Item: 2 item_armor_shard
Item: 2 item_health_small
Item: 2 item_armor_shard
Item: 2 weapon_rocketlauncher
Item: 2 item_armor_jacket
Item: 2 weapon_grenadelauncher
Item: 2 item_armor_combat
Item: 2 ammo_rockets
Item: 2 weapon_lightning
Item: 2 item_armor_body
Item: 2 ammo_rockets
Item: 2 ammo_rockets
Item: 1 weapon_grenadelauncher
Item: 1 item_health_mega
Item: 2 weapon_rocketlauncher
Item: 2 item_health_small
Item: 2 item_health_small
Item: 2 item_health_small
Item: 2 item_health_small
Item: 2 item_health_small
Item: 2 item_health_small
Item: 2 item_armor_combat
Kill: 2 1 7: twist killed JavaScripter by MOD_ROCKET_SPLASH 5 in arena 0
Item: 2 item_quad
Item: 1 weapon_rocketlauncher
Item: 1 ammo_shells
Item: 1 item_armor_combat
Item: 2 weapon_rocketlauncher
Item: 2 item_health
Item: 2 item_health
Item: 2 item_armor_jacket
Item: 2 weapon_grenadelauncher
Item: 1 item_health_small
Item: 1 item_armor_shard
Item: 1 item_health_small
Item: 1 item_armor_shard
Item: 2 item_armor_shard
Item: 2 item_armor_shard
Kill: 2 1 11: twist killed JavaScripter by MOD_LIGHTNING 5 in arena 0
Item: 2 weapon_rocketlauncher
Item: 1 weapon_rocketlauncher
Item: 1 item_armor_body
Kill: 2 1 7: twist killed JavaScripter by MOD_ROCKET_SPLASH 5 in arena 0
Item: 2 item_health_large
Item: 1 item_armor_combat
Item: 1 weapon_rocketlauncher
Item: 1 weapon_grenadelauncher
Item: 2 weapon_rocketlauncher
Item: 1 item_health_small
Item: 1 item_health_small
Item: 1 item_health_small
Item: 1 item_health_small
Item: 2 item_health
Item: 1 weapon_lightning
Item: 2 item_armor_shard
Item: 2 item_armor_shard
Item: 2 item_armor_combat
Item: 2 ammo_shells
Item: 2 weapon_rocketlauncher
Item: 1 item_armor_shard
Item: 1 item_health_small
Item: 1 item_armor_shard
Item: 2 item_health_small
Item: 2 item_health
Item: 1 weapon_lightning
Item: 2 item_armor_shard
Item: 2 item_armor_shard
Item: 2 weapon_shotgun
Item: 1 ammo_rockets
Item: 1 ammo_rockets
Item: 2 item_health_small
Item: 1 weapon_lightning
Item: 2 item_health_small
Item: 2 item_armor_combat
Item: 2 item_health
Item: 2 weapon_grenadelauncher
Kill: 2 1 7: twist killed JavaScripter by MOD_ROCKET_SPLASH 5 in arena 0
Item: 2 weapon_lightning
Item: 1 weapon_plasmagun
Item: 2 item_armor_body
Item: 2 ammo_rockets
Item: 2 ammo_rockets
Kill: 2 1 6: twist killed JavaScripter by MOD_ROCKET 8 in arena 0
Item: 2 weapon_rocketlauncher
Item: 2 ammo_shells
Item: 1 item_health_mega
Item: 1 item_armor_shard
Item: 1 item_armor_shard
Item: 1 item_armor_combat
Item: 2 weapon_rocketlauncher
Item: 1 item_health_small
Item: 1 item_armor_shard
Item: 2 item_armor_shard
Item: 1 weapon_rocketlauncher
Item: 2 weapon_rocketlauncher
Kill: 2 1 7: twist killed JavaScripter by MOD_ROCKET_SPLASH 5 in arena 0
Item: 2 weapon_rocketlauncher
Item: 1 weapon_rocketlauncher
Item: 2 item_quad
Item: 2 item_armor_shard
Item: 2 item_health_small
Item: 1 weapon_plasmagun
Item: 1 weapon_rocketlauncher
Item: 1 item_health_small
Kill: 2 1 11: twist killed JavaScripter by MOD_LIGHTNING 5 in arena 0
Item: 2 weapon_rocketlauncher
Item: 2 weapon_lightning
Item: 1 weapon_plasmagun
Item: 2 item_armor_body
Kill: 2 1 7: twist killed JavaScripter by MOD_ROCKET_SPLASH 2 in arena 0
Item: 2 item_health_small
Item: 1 weapon_rocketlauncher
Item: 1 ammo_shells
Item: 1 item_armor_combat
Item: 2 item_health
Item: 1 item_armor_shard
Item: 1 item_armor_shard
Item: 2 item_health_small
Item: 2 item_health_small
Item: 1 item_health
Client 13 connecting with 0 challenge ping
Item: 2 ammo_rockets
Item: 2 ammo_rockets
Item: 2 item_health_small
Item: 1 item_health
Item: 2 item_health_small
Item: 2 item_health_small
Client 13 connecting with 3000 challenge ping
Item: 1 item_armor_shard
Item: 1 item_armor_shard
Item: 2 item_health
Item: 2 ammo_lightning
Item: 2 item_health_mega
Client 13 connecting with 6050 challenge ping
Item: 1 weapon_rocketlauncher
Item: 1 item_armor_shard
Item: 1 item_armor_shard
Item: 1 ammo_shells
Kill: 2 1 7: twist killed JavaScripter by MOD_ROCKET_SPLASH 5 in arena 0
Item: 2 weapon_rocketlauncher
Item: 1 weapon_lightning
Item: 1 item_health_small
Item: 2 weapon_rocketlauncher
Item: 2 item_armor_combat
Item: 1 weapon_grenadelauncher
Item: 2 item_armor_body
Kill: 2 1 6: twist killed JavaScripter by MOD_ROCKET 4 in arena 0
Item: 1 item_armor_combat
Item: 2 item_health_small
Item: 1 weapon_rocketlauncher
Item: 1 weapon_grenadelauncher
Item: 1 item_armor_shard
Item: 2 item_armor_shard
Item: 1 item_health
Kill: 2 1 7: twist killed JavaScripter by MOD_ROCKET_SPLASH 5 in arena 0
Item: 2 weapon_rocketlauncher
Item: 2 weapon_rocketlauncher
Item: 1 weapon_lightning
Item: 1 ammo_rockets
Item: 1 ammo_rockets
Item: 1 item_health_small
Item: 1 item_health_small
Item: 1 item_health_small
Item: 1 weapon_rocketlauncher
Item: 1 item_armor_shard
Item: 1 item_armor_shard
Item: 1 item_health_mega
Kill: 1 2 6: JavaScripter killed twist by MOD_ROCKET 5 in arena 0
Client 14 connecting with 50 challenge ping
ClientConnect: 3
ClientUserinfoChanged: 3 n\Ignat\t\0\model\uriel/zael\c1\laaao\hc\100\w\0\l\0\a\0\f\0\nick\\c\0
broadcast: print "Ignat ^7connected\n"
broadcast: print "Ignat^7 disconnected\n"
ClientDisconnect: 3
Item: 2 weapon_lightning
Item: 1 weapon_rocketlauncher
Item: 2 item_health_small
Item: 2 item_health_small
Item: 1 weapon_rocketlauncher
Item: 2 item_armor_combat
Item: 1 ammo_shells
Item: 1 item_armor_combat
Item: 2 weapon_rocketlauncher
Item: 1 item_health
Item: 1 item_health
Item: 1 item_health_small
Item: 2 item_quad
Item: 2 item_armor_shard
Item: 2 item_armor_shard
Item: 1 weapon_rocketlauncher
Kill: 2 1 11: twist killed JavaScripter by MOD_LIGHTNING 5 in arena 0
Item: 2 weapon_grenadelauncher
Client 10 connecting with 50 challenge ping
ClientConnect: 3
ClientUserinfoChanged: 3 n\Ignat\t\0\model\uriel/zael\c1\laaao\hc\100\w\0\l\0\a\0\f\0\nick\\c\0
broadcast: print "Ignat ^7connected\n"
Item: 1 weapon_rocketlauncher
broadcast: print "Ignat^7 disconnected\n"
ClientDisconnect: 3
Item: 2 item_armor_shard
Item: 2 item_armor_shard
Kill: 2 1 11: twist killed JavaScripter by MOD_LIGHTNING 5 in arena 0
Item: 2 ammo_bullets
Item: 2 item_health_large
Item: 1 weapon_rocketlauncher
Item: 2 item_armor_body
Item: 1 weapon_grenadelauncher
Item: 2 weapon_rocketlauncher
Item: 2 item_health_small
Item: 2 item_armor_shard
Item: 2 item_health_small
Item: 2 item_armor_shard
Item: 1 item_health_mega
Item: 1 item_armor_shard
Item: 1 item_armor_shard
Item: 2 weapon_lightning
Item: 2 item_health
Item: 1 weapon_grenadelauncher
Item: 2 weapon_rocketlauncher
Item: 2 ammo_shells
Item: 2 item_armor_shard
Item: 2 item_armor_shard
Item: 2 item_health
Item: 1 weapon_rocketlauncher
Item: 2 item_health_small
Item: 2 item_health_small
Item: 1 item_armor_combat
Item: 2 item_health_small
Item: 2 item_health_small
Item: 2 item_armor_combat
Item: 2 ammo_rockets
Item: 2 ammo_rockets
Item: 1 item_armor_shard
Item: 1 item_armor_shard
Item: 2 weapon_lightning
Item: 2 item_armor_body
Item: 2 item_health_small
Item: 1 item_health_mega
Item: 1 item_armor_shard
Item: 1 item_armor_shard
Item: 1 weapon_rocketlauncher
Item: 1 ammo_shells
Item: 2 item_armor_shard
Item: 2 item_armor_shard
Item: 1 weapon_rocketlauncher
Item: 2 item_armor_combat
Item: 2 item_health_small
Item: 2 item_armor_shard
Item: 2 item_armor_shard
Item: 2 item_armor_shard
Item: 1 item_health
Item: 1 item_health
Item: 2 item_health
Item: 1 item_health_small
Item: 1 item_health_small
Item: 1 item_health_small
Item: 1 item_health_small
Kill: 2 1 7: twist killed JavaScripter by MOD_ROCKET_SPLASH 5 in arena 0
Item: 2 weapon_grenadelauncher
Item: 1 weapon_rocketlauncher
Item: 2 item_health_small
Item: 2 item_health_small
Item: 2 item_armor_combat
Item: 2 weapon_rocketlauncher
Item: 2 ammo_rockets
Item: 1 item_health_small
Item: 2 weapon_lightning
Item: 2 item_health
Item: 2 item_armor_body
Item: 2 item_health_large
Item: 1 weapon_rocketlauncher
Item: 2 item_quad
Item: 2 weapon_lightning
Item: 1 item_armor_shard
Item: 1 weapon_shotgun
Item: 2 item_armor_shard
Item: 2 item_armor_shard
Item: 1 weapon_shotgun
Kill: 2 1 7: twist killed JavaScripter by MOD_ROCKET_SPLASH 5 in arena 0
Item: 2 weapon_rocketlauncher
Item: 1 weapon_rocketlauncher
Item: 1 ammo_shells
Item: 1 item_armor_combat
Item: 1 item_armor_shard
Item: 1 item_armor_shard
Item: 2 weapon_lightning
Item: 1 item_health_mega
Item: 2 item_health
Item: 1 item_armor_shard
Item: 2 item_armor_body
Item: 2 item_health_large
Item: 1 item_health_small
Item: 1 ammo_shells
Item: 2 item_health_small
Item: 2 item_health
Item: 1 weapon_grenadelauncher
Item: 1 item_health
Item: 1 ammo_lightning
Kill: 2 1 7: twist killed JavaScripter by MOD_ROCKET_SPLASH 4 in arena 0
Item: 2 weapon_grenadelauncher
Item: 1 item_armor_combat
Item: 1 item_health_small
Item: 1 item_health_small
Item: 2 item_armor_shard
Item: 1 weapon_rocketlauncher
Item: 2 weapon_rocketlauncher
Item: 2 item_armor_combat
Item: 1 item_health_small
Item: 1 item_health_small
Item: 1 item_health_small
Item: 2 item_health
Item: 1 ammo_rockets
Item: 1 ammo_rockets
Item: 1 weapon_lightning
Item: 2 ammo_shells
Item: 1 item_armor_shard
Item: 1 item_armor_shard
Item: 1 item_armor_shard
Item: 2 item_armor_shard
Item: 2 item_armor_shard
Item: 2 weapon_rocketlauncher
Item: 2 item_health
Item: 1 item_armor_body
Item: 1 item_health_large
Item: 2 weapon_grenadelauncher
Item: 1 item_health_small
Item: 1 item_health_small
Item: 2 item_armor_shard
Item: 2 item_armor_shard
Item: 2 item_health_mega
Item: 2 item_armor_shard
Item: 2 item_armor_shard
Item: 1 weapon_rocketlauncher
Item: 1 item_health_small
Item: 1 item_health_small
Item: 1 item_health_small
Item: 1 weapon_grenadelauncher
Item: 1 item_health
Item: 2 item_quad
Item: 1 item_armor_combat
Item: 1 ammo_shells
Item: 1 weapon_rocketlauncher
Item: 1 item_armor_shard
Item: 1 item_health_small
Item: 1 item_armor_shard
Item: 1 item_health_small
Kill: 2 1 11: twist killed JavaScripter by MOD_LIGHTNING 5 in arena 0
Item: 1 item_armor_combat
Item: 2 weapon_rocketlauncher
Item: 2 item_health_large
Item: 1 item_health_small
Item: 1 item_health_small
Item: 1 item_health_small
Item: 1 item_health_small
Item: 2 item_armor_body
Item: 1 weapon_grenadelauncher
Item: 1 weapon_rocketlauncher
Item: 2 ammo_shells
Item: 2 weapon_rocketlauncher
Item: 1 weapon_rocketlauncher
Item: 1 weapon_lightning
Item: 1 ammo_rockets
Item: 2 ammo_rockets
Kill: 1 2 6: JavaScripter killed twist by MOD_ROCKET 5 in arena 0
Item: 2 item_armor_combat
Item: 2 item_health_small
Item: 2 item_health_small
Item: 1 item_health_small
Item: 1 item_armor_shard
Item: 1 item_health_small
Item: 2 weapon_lightning
Item: 1 item_armor_shard
Item: 2 weapon_rocketlauncher
Item: 2 item_armor_body
Item: 1 item_health
Item: 1 item_health
Item: 1 weapon_grenadelauncher
Item: 1 item_health_small
Item: 1 item_health_small
Item: 1 item_health_small
Item: 1 item_health_small
Item: 1 weapon_lightning
Item: 1 item_armor_combat
Item: 1 item_health
Item: 1 item_armor_shard
Item: 1 ammo_shells
Item: 2 item_health
Item: 2 item_armor_shard
Item: 1 weapon_rocketlauncher
Item: 2 item_health_mega
Item: 2 item_armor_shard
Item: 2 item_armor_shard
Item: 1 item_armor_combat
Item: 1 ammo_rockets
Item: 1 ammo_rockets
Item: 1 weapon_lightning
Item: 2 item_armor_shard
Item: 2 weapon_grenadelauncher
Item: 1 weapon_lightning
Item: 2 item_health_small
Item: 2 item_quad
Kill: 2 1 11: twist killed JavaScripter by MOD_LIGHTNING 5 in arena 0
Item: 2 weapon_rocketlauncher
Item: 1 weapon_rocketlauncher
Item: 1 ammo_shells
Item: 1 item_armor_combat
Item: 1 item_health_small
Item: 1 item_armor_shard
Item: 1 item_health_small
Item: 1 item_armor_shard
Item: 2 weapon_lightning
Item: 2 item_health_small
Item: 2 item_health_small
Item: 2 item_armor_combat
Item: 1 weapon_rocketlauncher
Client 16 connecting with 50 challenge ping
Kill: 2 1 7: twist killed JavaScripter by MOD_ROCKET_SPLASH 5 in arena 0
Item: 2 weapon_rocketlauncher
Item: 1 weapon_lightning
Item: 2 item_armor_body
Item: 1 weapon_rocketlauncher
Item: 1 item_health_small
Item: 1 item_health_small
Item: 1 item_health_small
Item: 1 weapon_lightning
Kill: 2 1 7: twist killed JavaScripter by MOD_ROCKET_SPLASH 5 in arena 0
Client 17 connecting with 0 challenge ping
ClientConnect: 3
ClientUserinfoChanged: 3 n\Ignat\t\0\model\uriel/zael\c1\laaao\hc\100\w\0\l\0\a\0\f\0\nick\\c\0
broadcast: print "Ignat ^7connected\n"
Item: 2 ammo_rockets
Item: 1 weapon_rocketlauncher
Item: 2 weapon_rocketlauncher
Item: 1 item_armor_combat
ClientUserinfoChanged: 3 n\Ignat\t\0\model\uriel/zael\c1\laaao\hc\100\w\0\l\0\a\0\f\0\nick\\c\0
broadcast: print "Ignat^7 entered the arena\n"
ClientBegin: 3
Sent authentication request to 'Ignat^7'
Ignat^7 has passed authorization.
Item: 1 item_health_small
Item: 1 item_armor_shard
Item: 1 item_health_small
Item: 1 item_armor_shard
Kill: 1 2 7: JavaScripter killed twist by MOD_ROCKET_SPLASH 5 in arena 0
Item: 2 weapon_rocketlauncher
Item: 1 weapon_rocketlauncher
Item: 1 item_health
Item: 1 item_health
Item: 1 item_armor_shard
Item: 1 weapon_shotgun
Item: 1 item_armor_shard
Item: 2 item_health_small
Item: 2 item_health_small
Item: 2 item_armor_combat
Kill: 2 1 6: twist killed JavaScripter by MOD_ROCKET 5 in arena 0
Item: 2 weapon_rocketlauncher
Item: 3 weapon_rocketlauncher
Item: 2 item_health_small
Item: 1 weapon_rocketlauncher
Item: 2 ammo_rockets
Item: 2 weapon_lightning
Item: 3 item_armor_shard
Item: 3 item_armor_shard
Item: 1 weapon_rocketlauncher
Item: 2 item_health_large
Item: 2 item_armor_body
Item: 3 weapon_lightning
Item: 3 item_health_small
Item: 3 item_health_small
Item: 3 item_health_small
Item: 1 weapon_grenadelauncher
Kill: 3 1 11: Ignat killed JavaScripter by MOD_LIGHTNING 4 in arena 0
Item: 1 weapon_lightning
Item: 3 weapon_grenadelauncher
Kill: 1 2 11: JavaScripter killed twist by MOD_LIGHTNING 5 in arena 0
Item: 1 ammo_rockets
Item: 3 item_health_mega
Item: 1 weapon_rocketlauncher
Item: 1 weapon_grenadelauncher
Item: 3 weapon_rocketlauncher
Item: 1 item_health_small
Item: 2 ammo_shells
Item: 2 item_armor_combat
Item: 1 item_health_small
Item: 1 item_health_small
Item: 1 item_armor_combat
Item: 2 weapon_plasmagun
Item: 1 item_armor_shard
Item: 2 item_armor_body
Item: 1 weapon_rocketlauncher
Item: 2 item_health_large
Item: 2 weapon_plasmagun
Kill: 1 3 7: JavaScripter killed Ignat by MOD_ROCKET_SPLASH 5 in arena 0
Item: 2 weapon_rocketlauncher
Item: 2 item_armor_shard
Item: 2 item_health_small
Item: 2 item_armor_shard
Item: 2 item_armor_shard
broadcast: print "Ignat^7 disconnected\n"
ClientDisconnect: 3
Item: 1 item_health_small
Item: 1 item_armor_shard
Item: 2 item_quad
Kill: 2 1 7: twist killed JavaScripter by MOD_ROCKET_SPLASH 5 in arena 0
Item: 2 weapon_rocketlauncher
Item: 1 weapon_rocketlauncher
Item: 1 ammo_shells
Item: 1 item_armor_combat
Item: 2 item_health_small
Item: 2 item_health_small
Item: 2 weapon_lightning
Item: 1 weapon_rocketlauncher
Item: 2 ammo_rockets
Item: 1 item_health_small
Item: 1 item_health_small
Item: 2 item_armor_body
Item: 1 item_health_small
Item: 1 item_health_small
Item: 1 item_armor_combat
Item: 1 weapon_grenadelauncher
Kill: 2 1 7: twist killed JavaScripter by MOD_ROCKET_SPLASH 5 in arena 0
Item: 2 weapon_rocketlauncher
Item: 1 weapon_rocketlauncher
Item: 2 item_health
Item: 2 item_health
Item: 1 weapon_grenadelauncher
Item: 2 weapon_rocketlauncher
Item: 1 item_health
Item: 2 item_health
Item: 1 item_armor_shard
Item: 2 item_armor_combat
Item: 1 item_health_mega
Item: 1 item_armor_shard
Item: 1 item_armor_shard
Item: 2 item_armor_shard
Item: 2 item_health_small
Item: 2 ammo_rockets
Item: 2 weapon_lightning
Item: 1 weapon_rocketlauncher
Item: 2 item_armor_body
Item: 1 item_health_small
Item: 1 item_health_small
Item: 2 item_health_small
Item: 2 item_health_small
Item: 1 weapon_lightning
Item: 1 ammo_shells
Item: 2 item_armor_shard
Item: 2 item_armor_shard
Item: 1 item_health_small
Item: 1 item_health_small
Item: 1 item_armor_combat
Item: 2 item_health_small
Item: 2 item_health
Item: 2 item_health_mega
Kill: 2 1 7: twist killed JavaScripter by MOD_ROCKET_SPLASH 5 in arena 0
Item: 2 weapon_rocketlauncher
Item: 1 weapon_lightning
Item: 1 ammo_rockets
Item: 1 ammo_rockets
Item: 2 weapon_rocketlauncher
Item: 1 item_health_small
Item: 2 item_armor_combat
Item: 2 weapon_plasmagun
Item: 1 weapon_grenadelauncher
Item: 2 item_armor_body
Item: 1 weapon_rocketlauncher
Item: 2 weapon_lightning
Item: 2 item_health_small
Item: 1 item_health
Item: 2 item_armor_shard
Item: 2 weapon_rocketlauncher
Item: 1 ammo_bullets
Kill: 2 1 11: twist killed JavaScripter by MOD_LIGHTNING 5 in arena 0
Item: 2 weapon_rocketlauncher
Item: 2 item_armor_shard
Item: 2 item_health_small
Item: 2 item_armor_shard
Item: 2 item_armor_shard
Item: 2 item_armor_shard
Item: 1 weapon_rocketlauncher
Item: 2 item_quad
Kill: 2 1 11: twist killed JavaScripter by MOD_LIGHTNING 5 in arena 0
broadcast: print "Fraglimit hit\n"
Exit: Fraglimit hit in arena 0
score: 30  ping: 48  client: 2 twist
score: 7  ping: 48  client: 1 JavaScripter
Rcon from 185.132.0.79: map cpm1a
ClientUserinfoChanged: 1 n\JavaScripter\t\0\model\doom/phobos\c1\geggg\hc\100\w\0\l\0\a\0\f\0\nick\JS\c\0
broadcast: print "JavaScripter^7 entered the arena\n"
ClientBegin: 1
broadcast: print "twist^7 entered the arena\n"
ClientBegin: 2
Game_Start: FFA in arena 0
Item: 1 weapon_rocketlauncher
Item: 2 item_armor_combat
Item: 2 item_armor_shard
Item: 2 item_armor_shard
Item: 2 item_armor_shard
Item: 2 item_armor_shard
Item: 2 item_armor_combat
Item: 2 weapon_rocketlauncher
Item: 2 weapon_railgun
Item: 1 ammo_lightning
Item: 1 item_armor_shard
Item: 2 item_armor_shard
Item: 2 item_health
Item: 2 weapon_lightning
Item: 1 item_health_large
Item: 2 item_health_small
Item: 2 item_health_small
Item: 2 item_health_small
Item: 2 item_health_small
Item: 2 ammo_rockets
Item: 1 weapon_rocketlauncher
Item: 1 ammo_rockets
Kill: 1 1 7: JavaScripter killed JavaScripter by MOD_ROCKET_SPLASH 5 in arena 0
Item: 2 weapon_rocketlauncher
Item: 2 weapon_railgun
Item: 1 weapon_rocketlauncher
Item: 1 item_armor_shard
Item: 2 weapon_lightning
Item: 2 item_armor_shard
Item: 2 weapon_rocketlauncher
Item: 1 weapon_railgun
Kill: 2 1 7: twist killed JavaScripter by MOD_ROCKET_SPLASH 7 in arena 0
Item: 1 item_armor_combat
Item: 2 weapon_lightning
Item: 1 item_armor_shard
Item: 1 item_armor_shard
Item: 1 item_armor_shard
Item: 1 item_armor_shard
Item: 2 ammo_lightning
Item: 1 weapon_railgun
Item: 2 item_armor_combat
Item: 1 item_health
Item: 1 item_health
Item: 2 weapon_railgun
Item: 2 item_armor_shard
Item: 2 item_armor_shard
Item: 1 ammo_shells
Item: 2 weapon_lightning
Kill: 2 1 11: twist killed JavaScripter by MOD_LIGHTNING 7 in arena 0
Item: 2 item_health
Item: 2 weapon_railgun
Kill: 2 1 11: twist killed JavaScripter by MOD_LIGHTNING 2 in arena 0
Item: 1 item_armor_combat
Item: 1 item_armor_shard
Item: 1 item_armor_shard
Item: 1 item_armor_shard
Item: 2 weapon_lightning
Item: 1 item_armor_shard
Item: 2 item_health_small
Item: 2 item_health_small
Item: 2 item_health_small
Item: 2 item_health_small
Item: 1 weapon_rocketlauncher
Item: 1 ammo_rockets
Item: 1 item_armor_shard
Item: 1 item_armor_shard
Item: 1 ammo_lightning
Item: 2 item_armor_shard
Item: 2 item_health_large
Kill: 2 1 10: twist killed JavaScripter by MOD_RAILGUN 5 in arena 0
Item: 2 item_armor_combat
Item: 1 weapon_rocketlauncher
Item: 1 item_armor_shard
Item: 1 item_armor_shard
Item: 2 item_health
Item: 2 item_armor_shard
Item: 2 item_armor_shard
Item: 2 item_armor_shard
Item: 2 item_health
Item: 2 ammo_slugs
Item: 2 item_armor_combat
Item: 1 weapon_grenadelauncher
Item: 2 item_armor_shard
Client 19 connecting with 50 challenge ping
ClientConnect: 3
ClientUserinfoChanged: 3 n\Ignat\t\0\model\uriel/zael\c1\laaao\hc\100\w\0\l\0\a\0\f\0\nick\\c\0
broadcast: print "Ignat ^7connected\n"
Item: 2 weapon_rocketlauncher
ClientUserinfoChanged: 3 n\Ignat\t\0\model\uriel/zael\c1\laaao\hc\100\w\0\l\0\a\0\f\0\nick\\c\0
broadcast: print "Ignat^7 entered the arena\n"
ClientBegin: 3
Item: 2 weapon_lightning
Sent authentication request to 'Ignat^7'
Ignat^7 has passed authorization.
broadcast: print "Ignat^7 disconnected\n"
ClientDisconnect: 3
Kill: 2 1 7: twist killed JavaScripter by MOD_ROCKET_SPLASH 4 in arena 0
Item: 2 weapon_grenadelauncher
Item: 1 item_armor_combat
Item: 1 weapon_rocketlauncher
Item: 1 ammo_rockets
Item: 2 weapon_lightning
Item: 1 weapon_rocketlauncher
Kill: 2 1 11: twist killed JavaScripter by MOD_LIGHTNING 5 in arena 0
Item: 2 item_health_small
Item: 2 item_health_small
Item: 2 item_health_small
Item: 2 item_health_small
Item: 1 weapon_rocketlauncher
Item: 2 item_armor_shard
Item: 2 item_armor_shard
Item: 2 item_armor_shard
Item: 2 item_armor_shard
Item: 2 item_health
Item: 2 ammo_slugs
Item: 1 item_armor_shard
Item: 1 item_armor_shard
Item: 2 item_armor_combat
Item: 1 item_health_large
Kill: 2 1 6: twist killed JavaScripter by MOD_ROCKET 5 in arena 0
Item: 2 weapon_grenadelauncher
Item: 2 weapon_rocketlauncher
Item: 2 weapon_rocketlauncher
Item: 2 ammo_rockets
Item: 2 item_health
Item: 1 ammo_lightning
Item: 2 weapon_railgun
Item: 2 item_armor_shard
Item: 2 item_armor_shard
Item: 1 weapon_rocketlauncher
Item: 2 weapon_rocketlauncher
Item: 1 item_armor_combat
Item: 2 weapon_lightning
Item: 1 weapon_grenadelauncher
Item: 2 item_armor_shard
Item: 2 item_armor_shard
Item: 2 item_armor_shard
Item: 1 item_health
Item: 2 item_armor_shard
Item: 1 item_health
Item: 2 item_health
Item: 2 item_armor_combat
Kill: 2 1 6: twist killed JavaScripter by MOD_ROCKET 5 in arena 0
Item: 2 weapon_rocketlauncher
Item: 1 weapon_rocketlauncher
Client 21 connecting with 50 challenge ping
ClientConnect: 3
ClientUserinfoChanged: 3 n\Ignat\t\0\model\uriel/zael\c1\yyyyy\hc\100\w\0\l\0\a\0\f\0\nick\Ignat\c\0
broadcast: print "Ignat ^7connected\n"
Item: 2 item_health
Item: 2 ammo_slugs
Item: 1 item_health_small
Item: 1 item_health_small
Item: 1 item_health_small
Item: 1 item_health_small
Kill: 2 1 7: twist killed JavaScripter by MOD_ROCKET_SPLASH 5 in arena 0
ClientUserinfoChanged: 3 n\Ignat\t\0\model\uriel/zael\c1\yyyyy\hc\100\w\0\l\0\a\0\f\0\nick\Ignat\c\0
broadcast: print "Ignat^7 entered the arena\n"
ClientBegin: 3
Item: 1 item_armor_combat
Item: 1 weapon_rocketlauncher
Item: 1 ammo_rockets
Sent authentication request to 'Ignat^7'
Ignat^7 has passed authorization.
Item: 2 item_armor_shard
Item: 2 item_armor_shard
Item: 3 weapon_rocketlauncher
Kill: 2 1 7: twist killed JavaScripter by MOD_ROCKET_SPLASH 5 in arena 0
Item: 2 item_armor_shard
Item: 3 weapon_grenadelauncher
Item: 2 weapon_rocketlauncher
Item: 3 item_health_large
Item: 1 weapon_railgun
Item: 3 weapon_rocketlauncher
Item: 3 ammo_rockets
Kill: 2 1 11: twist killed JavaScripter by MOD_LIGHTNING 7 in arena 0
Item: 2 item_armor_shard
Item: 2 item_armor_shard
Item: 2 weapon_railgun
Item: 1 weapon_rocketlauncher
Item: 3 item_armor_shard
Item: 3 item_armor_shard
Item: 3 item_armor_shard
Item: 3 item_armor_shard
Item: 3 item_armor_combat
Item: 1 weapon_rocketlauncher
Kill: 3 2 7: Ignat killed twist by MOD_ROCKET_SPLASH 7 in arena 0
Item: 3 ammo_shells
Item: 1 item_health
Item: 2 weapon_rocketlauncher
Item: 3 weapon_railgun
Item: 3 weapon_railgun
Item: 1 weapon_grenadelauncher
Item: 3 item_health_small
Item: 3 item_health_small
Item: 3 item_health_small
Item: 3 item_health_small
Item: 1 item_armor_combat
Item: 3 ammo_lightning
Kill: 3 2 7: Ignat killed twist by MOD_ROCKET_SPLASH 5 in arena 0
Item: 2 weapon_rocketlauncher
Item: 1 weapon_grenadelauncher
Item: 3 item_health
Item: 3 ammo_slugs
Item: 2 weapon_railgun
Item: 1 ammo_rockets
Item: 3 item_health_large
Item: 2 item_armor_shard
Item: 2 item_armor_shard
Item: 1 item_armor_shard
Item: 1 item_armor_shard
Item: 3 item_armor_shard
Item: 1 item_health
Item: 1 item_health
Item: 2 weapon_grenadelauncher
Item: 3 weapon_railgun
Kill: 1 2 4: JavaScripter killed twist by MOD_GRENADE 7 in arena 0
Item: 2 item_armor_combat
Item: 1 weapon_grenadelauncher
Item: 3 item_armor_shard
Item: 3 item_armor_shard
Item: 3 item_armor_shard
Item: 3 item_armor_shard
Item: 1 item_armor_combat
Item: 1 weapon_railgun
Item: 3 item_health
Item: 1 weapon_rocketlauncher
Item: 2 weapon_rocketlauncher
Item: 2 weapon_railgun
Item: 3 weapon_grenadelauncher
Item: 2 item_health_small
Item: 3 weapon_rocketlauncher
Item: 2 item_health_small
Item: 2 item_health_small
Item: 1 ammo_slugs
Item: 2 item_health_small
Item: 1 item_health
Item: 3 item_armor_shard
Item: 3 item_armor_shard
Item: 3 item_health
Item: 1 ammo_shells
Item: 3 item_armor_shard
Item: 3 item_armor_shard
Item: 3 item_armor_shard
Item: 3 ammo_lightning
Kill: 2 1 6: twist killed JavaScripter by MOD_ROCKET 5 in arena 0
Item: 2 weapon_rocketlauncher
Item: 1 weapon_rocketlauncher
Item: 1 ammo_rockets
Item: 2 weapon_rocketlauncher
Item: 3 item_health
Kill: 2 3 10: twist killed Ignat by MOD_RAILGUN 5 in arena 0
Item: 2 weapon_rocketlauncher
Item: 3 item_armor_combat
Item: 2 item_health
Item: 3 weapon_rocketlauncher
Item: 1 weapon_railgun
Item: 3 ammo_rockets
Kill: 2 1 7: twist killed JavaScripter by MOD_ROCKET_SPLASH 5 in arena 0
Item: 2 weapon_rocketlauncher
Item: 1 item_armor_combat
Item: 1 weapon_rocketlauncher
Kill: 2 3 6: twist killed Ignat by MOD_ROCKET 5 in arena 0
Item: 2 weapon_rocketlauncher
Item: 3 weapon_rocketlauncher
Kill: 1 2 7: JavaScripter killed twist by MOD_ROCKET_SPLASH 7 in arena 0
Item: 1 weapon_railgun
Kill: 3 2 6: Ignat killed twist by MOD_ROCKET 2 in arena 0
Item: 2 item_armor_shard
Item: 2 item_armor_shard
Item: 2 item_armor_shard
Item: 2 item_armor_shard
Item: 3 weapon_lightning
Item: 3 item_health_small
Item: 3 item_health_small
Item: 3 item_health_small
Item: 3 item_health_small
Item: 2 weapon_rocketlauncher
Item: 3 item_armor_shard
Item: 3 item_armor_shard
Item: 3 item_armor_shard
Item: 1 item_armor_shard
Item: 1 item_armor_shard
Item: 3 item_health
Kill: 1 2 6: JavaScripter killed twist by MOD_ROCKET 5 in arena 0
Item: 1 ammo_shells
Item: 1 weapon_rocketlauncher
Kill: 2 3 2: twist killed Ignat by MOD_GAUNTLET 5 in arena 0
Item: 2 weapon_rocketlauncher
Item: 2 item_health
Item: 3 weapon_rocketlauncher
Item: 2 item_armor_combat
Item: 3 weapon_grenadelauncher
Item: 3 item_armor_combat
Item: 3 ammo_rockets
Kill: 2 1 2: twist killed JavaScripter by MOD_GAUNTLET 5 in arena 0
Item: 3 weapon_rocketlauncher
Item: 3 ammo_rockets
Item: 2 ammo_slugs
Item: 2 item_health_large
Item: 1 weapon_rocketlauncher
Kill: 2 1 7: twist killed JavaScripter by MOD_ROCKET_SPLASH 5 in arena 0
Kill: 3 2 7: Ignat killed twist by MOD_ROCKET_SPLASH 5 in arena 0
Kill: 2 3 6: twist killed Ignat by MOD_ROCKET 5 in arena 0
Item: 3 weapon_rocketlauncher
Kill: 3 2 6: Ignat killed twist by MOD_ROCKET 2 in arena 0
Item: 2 item_armor_shard
Item: 3 weapon_grenadelauncher
Item: 2 weapon_rocketlauncher
Item: 2 weapon_rocketlauncher
Item: 2 item_health_small
Item: 2 item_health_small
Item: 1 weapon_railgun
Item: 2 item_health_small
Item: 2 item_health_small
Item: 2 weapon_lightning
Item: 3 weapon_rocketlauncher
Item: 1 item_health
Item: 3 ammo_shells
Item: 2 item_armor_shard
Kill: 2 3 6: twist killed Ignat by MOD_ROCKET 5 in arena 0
Item: 3 item_armor_combat
Item: 2 item_armor_combat
Item: 3 item_armor_shard
Item: 3 item_armor_shard
Item: 3 item_armor_shard
Item: 3 item_armor_shard
Item: 2 weapon_grenadelauncher
Item: 2 item_health
Item: 2 item_health
Item: 3 item_armor_shard
Item: 3 item_armor_shard
Kill: 2 3 11: twist killed Ignat by MOD_LIGHTNING 2 in arena 0
Item: 1 weapon_rocketlauncher
Item: 2 weapon_lightning
Item: 3 weapon_grenadelauncher
Item: 3 item_health_large
Kill: 1 2 7: JavaScripter killed twist by MOD_ROCKET_SPLASH 5 in arena 0
Item: 3 ammo_rockets
Item: 3 weapon_rocketlauncher
Item: 1 weapon_rocketlauncher
Item: 3 ammo_rockets
Item: 1 item_health
Item: 1 item_health
Item: 3 item_armor_shard
Item: 3 item_armor_shard
Item: 2 weapon_rocketlauncher
Item: 3 item_health_small
Item: 3 item_health_small
Item: 3 item_health_small
Item: 1 item_armor_combat
Item: 3 item_health_small
Item: 2 item_armor_combat
Item: 3 item_armor_shard
Item: 3 item_armor_shard
Item: 3 item_armor_shard
Item: 3 item_armor_shard
Item: 1 item_health
Item: 3 item_health
Item: 3 item_health
Item: 3 item_armor_shard
Item: 3 item_armor_shard
Item: 2 ammo_slugs
Item: 3 weapon_railgun
Item: 1 weapon_rocketlauncher
Item: 1 weapon_grenadelauncher
Item: 2 item_health_large
Item: 1 item_health_large
Item: 3 ammo_shells
Kill: 2 1 3: twist killed JavaScripter by MOD_MACHINEGUN 5 in arena 0
Item: 2 ammo_rockets
Item: 2 weapon_rocketlauncher
Item: 2 ammo_rockets
Item: 1 item_armor_combat
Item: 2 item_armor_shard
Item: 2 item_armor_shard
Item: 2 item_armor_shard
Item: 2 item_armor_shard
Item: 2 item_armor_shard
Item: 2 item_health
Item: 1 weapon_rocketlauncher
Item: 2 item_health
Item: 3 item_armor_combat
Item: 1 weapon_grenadelauncher
Item: 3 weapon_rocketlauncher
Item: 3 item_health_small
Item: 3 item_health_small
Item: 3 item_health_small
Item: 3 item_health_small
Item: 2 weapon_lightning
Item: 1 weapon_railgun
Item: 1 item_health
Item: 2 weapon_grenadelauncher
Item: 3 weapon_lightning
Item: 3 item_health
Item: 3 item_health
Item: 2 item_health_large
Item: 2 weapon_grenadelauncher
Item: 1 item_armor_shard
Item: 2 weapon_rocketlauncher
Item: 1 item_armor_shard
Item: 3 item_armor_combat
Item: 3 item_armor_shard
Item: 2 weapon_railgun
Item: 3 item_armor_shard
Item: 3 item_armor_shard
Item: 3 item_armor_shard
Item: 2 item_armor_shard
Item: 2 item_armor_shard
Item: 3 item_health
Item: 3 item_health
Item: 3 ammo_slugs
Item: 1 item_armor_shard
Item: 3 item_health_small
Item: 3 item_health_small
Item: 3 item_health_small
Item: 3 item_health_small
Kill: 2 1 7: twist killed JavaScripter by MOD_ROCKET_SPLASH 5 in arena 0
Item: 3 weapon_lightning
Item: 2 weapon_rocketlauncher
Item: 1 weapon_rocketlauncher
Kill: 3 2 10: Ignat killed twist by MOD_RAILGUN 7 in arena 0
Item: 1 weapon_grenadelauncher
Item: 3 weapon_lightning
Item: 2 weapon_railgun
Kill: 1 2 6: JavaScripter killed twist by MOD_ROCKET 2 in arena 0
Item: 1 item_armor_combat
Item: 2 item_armor_combat
Item: 1 weapon_rocketlauncher
Item: 3 item_armor_shard
Item: 3 item_armor_shard
Item: 1 ammo_rockets
Item: 3 item_armor_shard
Item: 3 item_armor_shard
Item: 1 item_armor_shard
Item: 1 item_armor_shard
Item: 3 weapon_grenadelauncher
Item: 3 item_health_large
Item: 2 weapon_lightning
Item: 1 item_health
Item: 2 item_armor_shard
Item: 2 item_armor_shard
Item: 1 weapon_railgun
Item: 1 item_health
Item: 1 weapon_lightning
Item: 2 weapon_railgun
Item: 3 item_armor_combat
Item: 3 ammo_rockets
Item: 3 weapon_rocketlauncher
Item: 2 item_health_small
Item: 2 item_health_small
Item: 2 item_health_small
Item: 2 item_health_small
Item: 3 weapon_railgun
Kill: 2 1 10: twist killed JavaScripter by MOD_RAILGUN 7 in arena 0
Item: 2 weapon_railgun
Item: 1 item_armor_combat
Item: 2 weapon_lightning
Item: 3 item_armor_shard
Item: 3 item_armor_shard
Item: 3 item_armor_shard
Item: 3 item_armor_shard
Item: 1 weapon_rocketlauncher
Kill: 2 1 11: twist killed JavaScripter by MOD_LIGHTNING 5 in arena 0
Item: 2 weapon_rocketlauncher
Item: 2 item_health_large
Item: 2 weapon_grenadelauncher
Item: 1 item_health
Item: 3 item_armor_shard
Item: 3 item_armor_shard
Kill: 3 1 7: Ignat killed JavaScripter by MOD_ROCKET_SPLASH 2 in arena 0
Item: 2 item_armor_combat
Item: 1 weapon_rocketlauncher
Item: 3 item_health
Item: 3 ammo_shells
Kill: 3 1 6: Ignat killed JavaScripter by MOD_ROCKET 5 in arena 0
Item: 3 weapon_rocketlauncher
Item: 2 weapon_lightning
Item: 1 weapon_rocketlauncher
Item: 3 weapon_rocketlauncher
Item: 2 item_health_small
Item: 2 item_health_small
Item: 2 item_health_small
Item: 2 item_health_small
Item: 3 weapon_grenadelauncher
Item: 3 ammo_rockets
Item: 1 ammo_rockets
Item: 3 weapon_rocketlauncher
Item: 1 ammo_shells
Item: 1 ammo_shells
Item: 3 weapon_lightning
Kill: 1 1 7: JavaScripter killed JavaScripter by MOD_ROCKET_SPLASH 5 in arena 0
Item: 1 weapon_rocketlauncher
Item: 3 item_health
Item: 3 item_health
Kill: 2 3 11: twist killed Ignat by MOD_LIGHTNING 5 in arena 0
Item: 3 item_armor_combat
Kill: 1 2 6: JavaScripter killed twist by MOD_ROCKET 5 in arena 0
Item: 3 weapon_rocketlauncher
Item: 1 weapon_rocketlauncher
Item: 3 item_armor_shard
Item: 3 item_armor_shard
Item: 3 item_armor_shard
Item: 1 weapon_railgun
Item: 3 ammo_lightning
Kill: 2 1 3: twist killed JavaScripter by MOD_MACHINEGUN 5 in arena 0
Item: 3 item_armor_shard
Item: 3 item_armor_shard
Item: 3 item_armor_shard
Item: 3 item_armor_shard
Item: 2 weapon_rocketlauncher
Item: 1 item_armor_combat
Item: 1 item_health
Item: 1 item_health
Item: 1 ammo_slugs
Item: 2 item_armor_shard
Item: 2 item_armor_shard
Item: 2 weapon_railgun
Kill: 3 1 7: Ignat killed JavaScripter by MOD_ROCKET_SPLASH 1 in arena 0
Item: 2 weapon_lightning
Item: 1 weapon_rocketlauncher
Item: 2 item_health_small
Item: 2 item_health_small
Item: 2 item_health_small
Item: 2 item_health_small
Kill: 3 2 6: Ignat killed twist by MOD_ROCKET 7 in arena 0
Item: 1 weapon_grenadelauncher
Item: 1 item_health_large
Item: 2 weapon_rocketlauncher
Item: 1 ammo_rockets
Item: 1 ammo_rockets
Item: 3 weapon_rocketlauncher
Item: 3 weapon_shotgun
Kill: 2 1 6: twist killed JavaScripter by MOD_ROCKET 5 in arena 0
Item: 3 weapon_railgun
Item: 2 weapon_rocketlauncher
Item: 2 weapon_railgun
Item: 1 weapon_rocketlauncher
Item: 3 item_armor_shard
Item: 3 item_armor_shard
Item: 3 item_armor_shard
Item: 3 item_armor_shard
Kill: 2 3 7: twist killed Ignat by MOD_ROCKET_SPLASH 5 in arena 0
Item: 2 item_armor_combat
Item: 2 weapon_rocketlauncher
Item: 3 weapon_rocketlauncher
Kill: 1 2 7: JavaScripter killed twist by MOD_ROCKET_SPLASH 7 in arena 0
Item: 3 item_armor_combat
Item: 2 item_armor_shard
Item: 3 weapon_grenadelauncher
Kill: 1 1 7: JavaScripter killed JavaScripter by MOD_ROCKET_SPLASH 5 in arena 0
Item: 2 weapon_rocketlauncher
Item: 1 weapon_rocketlauncher
Item: 2 ammo_lightning
Kill: 3 2 6: Ignat killed twist by MOD_ROCKET 5 in arena 0
Item: 3 weapon_rocketlauncher
Item: 2 weapon_railgun
Item: 3 weapon_lightning
Item: 3 item_health_small
Item: 3 item_health_small
Item: 3 item_health_small
Item: 3 item_health_small
Item: 3 item_armor_shard
Item: 1 weapon_rocketlauncher
Item: 2 ammo_slugs
Item: 1 item_armor_shard
Item: 1 ammo_rockets
Item: 1 weapon_rocketlauncher
Kill: 3 2 6: Ignat killed twist by MOD_ROCKET 7 in arena 0
Item: 2 weapon_rocketlauncher
Item: 3 item_armor_shard
Item: 3 item_armor_shard
Item: 3 item_armor_shard
Item: 3 weapon_railgun
Kill: 1 3 7: JavaScripter killed Ignat by MOD_ROCKET_SPLASH 5 in arena 0
Item: 2 weapon_rocketlauncher
Item: 2 ammo_rockets
Item: 3 weapon_rocketlauncher
Item: 2 weapon_railgun
Item: 1 item_armor_shard
Item: 2 item_armor_shard
Item: 2 item_armor_shard
Item: 1 item_armor_combat
Item: 1 item_health
Item: 3 item_armor_combat
Item: 1 weapon_rocketlauncher
Item: 3 weapon_grenadelauncher
Item: 2 item_armor_shard
Item: 3 item_health_large
Item: 1 item_health
Item: 1 item_health
Item: 2 weapon_rocketlauncher
Item: 1 item_health
Item: 2 weapon_lightning
Item: 2 item_health_small
Item: 2 item_health_small
Item: 2 item_health_small
Item: 2 item_health_small
Item: 3 item_armor_shard
Item: 3 item_armor_shard
Kill: 3 1 7: Ignat killed JavaScripter by MOD_ROCKET_SPLASH 5 in arena 0
Item: 3 item_armor_shard
Item: 2 ammo_lightning
Item: 3 item_health
Item: 3 ammo_slugs
Item: 2 weapon_rocketlauncher
Item: 1 weapon_rocketlauncher
Item: 1 ammo_rockets
Kill: 2 3 10: twist killed Ignat by MOD_RAILGUN 5 in arena 0
broadcast: print "Fraglimit hit\n"
Exit: Fraglimit hit in arena 0
score: 30  ping: 48  client: 2 twist
score: 13  ping: 48  client: 3 Ignat
score: 5  ping: 48  client: 1 JavaScripter
Rcon from 185.132.0.79: map cpm3a
ClientUserinfoChanged: 1 n\JavaScripter\t\0\model\doom/phobos\c1\geggg\hc\100\w\0\l\0\a\0\f\0\nick\JS\c\0
broadcast: print "JavaScripter^7 entered the arena\n"
ClientBegin: 1
ClientUserinfoChanged: 3 n\Ignat\t\0\model\uriel/zael\c1\yyyyy\hc\100\w\0\l\0\a\0\f\0\nick\Ignat\c\0
broadcast: print "Ignat^7 entered the arena\n"
ClientBegin: 3
broadcast: print "twist^7 entered the arena\n"
ClientBegin: 2
Game_Start: FFA in arena 0
Item: 2 ammo_grenades
Item: 2 ammo_rockets
Item: 2 ammo_cells
Item: 3 item_health_mega
Item: 3 weapon_grenadelauncher
Item: 2 item_armor_combat
Item: 2 weapon_rocketlauncher
Item: 3 weapon_rocketlauncher
Item: 1 weapon_lightning
Item: 1 item_armor_combat
Item: 3 ammo_slugs
Item: 2 weapon_plasmagun
Item: 2 item_armor_body
Item: 3 item_armor_shard
Item: 3 item_armor_shard
Item: 3 item_armor_shard
Item: 3 ammo_lightning
Item: 3 item_health_small
Item: 3 item_health_small
Item: 2 item_armor_shard
Item: 2 item_armor_shard
Item: 3 item_health_small
Item: 2 item_armor_shard
Item: 2 item_armor_shard
Item: 1 ammo_cells
Item: 3 item_health_large
Item: 1 ammo_rockets
Item: 3 item_health_small
Item: 2 weapon_rocketlauncher
Item: 2 ammo_lightning
Item: 2 ammo_lightning
Item: 2 item_health
Item: 3 ammo_rockets
Item: 2 item_health
Item: 3 ammo_grenades
Item: 2 weapon_shotgun
Item: 2 weapon_railgun
Kill: 3 1 6: Ignat killed JavaScripter by MOD_ROCKET 6 in arena 0
Item: 3 ammo_shells
Item: 2 weapon_lightning
Item: 3 weapon_shotgun
Item: 2 weapon_plasmagun
Item: 1 weapon_rocketlauncher
Item: 1 weapon_grenadelauncher
Item: 3 item_health
Item: 2 weapon_plasmagun
Item: 3 item_health
Item: 3 weapon_rocketlauncher
Item: 2 item_armor_body
Item: 1 item_health_mega
Item: 1 weapon_grenadelauncher
Item: 2 weapon_rocketlauncher
Item: 3 weapon_lightning
Item: 3 item_armor_combat
Kill: 2 1 7: twist killed JavaScripter by MOD_ROCKET_SPLASH 5 in arena 0
Item: 3 item_health_small
Item: 1 weapon_shotgun
Item: 2 weapon_rocketlauncher
Item: 3 item_armor_combat
Item: 1 weapon_rocketlauncher
Item: 3 weapon_plasmagun
Item: 3 item_armor_shard
Item: 3 item_armor_shard
Item: 3 item_armor_shard
Item: 3 ammo_lightning
Item: 3 item_health_small
Item: 3 item_health_small
Item: 1 ammo_slugs
Item: 3 item_health_large
Item: 1 weapon_rocketlauncher
Item: 3 weapon_railgun
Kill: 2 1 6: twist killed JavaScripter by MOD_ROCKET 5 in arena 0
Item: 3 ammo_grenades
Item: 3 ammo_rockets
Item: 3 ammo_cells
Item: 1 weapon_plasmagun
Item: 2 item_health_small
Item: 3 weapon_rocketlauncher
Item: 1 weapon_rocketlauncher
Item: 2 weapon_plasmagun
Item: 2 item_armor_body
Item: 1 weapon_grenadelauncher
Item: 3 ammo_shells
Item: 3 ammo_rockets
Item: 3 weapon_shotgun
Item: 3 item_health
Item: 3 item_health
Item: 2 weapon_lightning
Item: 3 weapon_rocketlauncher
Item: 2 item_armor_shard
Item: 2 item_armor_shard
Item: 2 item_armor_shard
Item: 2 item_armor_shard
Item: 1 item_health_mega
Kill: 3 2 6: Ignat killed twist by MOD_ROCKET 7 in arena 0
Kill: 3 3 7: Ignat killed Ignat by MOD_ROCKET_SPLASH 5 in arena 0
Item: 1 weapon_grenadelauncher
Item: 3 ammo_rockets
Item: 2 weapon_railgun
Item: 3 weapon_plasmagun
Item: 2 weapon_rocketlauncher
Item: 2 ammo_cells
Item: 2 ammo_rockets
Item: 3 weapon_lightning
Item: 2 weapon_rocketlauncher
Item: 3 item_armor_combat
Kill: 1 2 4: JavaScripter killed twist by MOD_GRENADE 5 in arena 0
Item: 1 weapon_grenadelauncher
Item: 2 item_armor_combat
Item: 3 weapon_plasmagun
Item: 1 weapon_rocketlauncher
Item: 2 weapon_rocketlauncher
Item: 2 ammo_lightning
Item: 3 item_armor_shard
Item: 2 ammo_lightning
Item: 3 item_armor_shard
Item: 3 item_armor_shard
Item: 2 weapon_shotgun
Item: 3 ammo_lightning
Item: 3 item_health_small
Item: 3 item_health_small
Item: 2 weapon_railgun
Item: 3 item_health_small
Item: 2 ammo_rockets
Item: 2 ammo_cells
Item: 1 weapon_grenadelauncher
Item: 3 weapon_rocketlauncher
Item: 3 weapon_plasmagun
Item: 3 item_armor_body
broadcast: print "twist^7 disconnected\n"
ClientDisconnect: 2
Item: 3 ammo_slugs
Item: 1 weapon_grenadelauncher
Item: 3 weapon_rocketlauncher
Item: 3 item_health_mega
Item: 1 item_health_small
Item: 1 ammo_rockets
Item: 3 weapon_rocketlauncher
Item: 1 item_health
Kill: 3 1 6: Ignat killed JavaScripter by MOD_ROCKET 4 in arena 0
Item: 3 weapon_grenadelauncher
Item: 3 weapon_rocketlauncher
Item: 1 weapon_rocketlauncher
Item: 1 weapon_plasmagun
broadcast: print "Ignat^7 disconnected\n"
ClientDisconnect: 3
broadcast: print "JavaScripter^7 disconnected\n"
ClientDisconnect: 1
Client 0 connecting with 50 challenge ping
ClientConnect: 1
ClientUserinfoChanged: 1 n\Ignat\t\0\model\uriel/zael\c1\yyyyy\hc\100\w\0\l\0\a\0\f\0\nick\Ignat\c\0
broadcast: print "Ignat ^7connected\n"
ClientUserinfoChanged: 1 n\Ignat\t\0\model\uriel/zael\c1\yyyyy\hc\100\w\0\l\0\a\0\f\0\nick\Ignat\c\0
broadcast: print "Ignat^7 entered the arena\n"
ClientBegin: 1
Item: 1 item_armor_body
Item: 1 weapon_plasmagun
Client 7 connecting with 0 challenge ping
ClientConnect: 2
ClientUserinfoChanged: 2 n\twist\t\0\model\tankjr/blue\c1\geggg\hc\100\w\0\l\0\a\0\f\0\nick\JS\c\0
broadcast: print "twist ^7connected\n"
Sent authentication request to 'Ignat^7'
Ignat^7 has passed authorization.
broadcast: print "twist^7 entered the arena\n"
ClientBegin: 2
Sent authentication request to 'twist^7'
twist^7 has passed authorization.
Item: 1 weapon_plasmagun
Item: 1 ammo_rockets
Game_Start: FFA in arena 0
Item: 2 ammo_rockets
Item: 1 ammo_rockets
Item: 1 ammo_shells
Item: 2 weapon_plasmagun
Item: 2 item_armor_body
Item: 1 weapon_rocketlauncher
Item: 1 item_armor_shard
Item: 1 item_armor_shard
Item: 1 item_armor_shard
Item: 1 item_armor_shard
Item: 1 ammo_cells
Item: 1 ammo_rockets
Item: 2 item_health_small
Item: 2 item_health_small
Item: 2 item_health_small
Item: 2 weapon_railgun
Item: 1 weapon_rocketlauncher
Item: 2 ammo_grenades
Item: 2 ammo_rockets
Item: 2 ammo_cells
Item: 1 item_health_mega
Item: 1 weapon_grenadelauncher
Item: 2 weapon_rocketlauncher
Item: 2 weapon_plasmagun
Item: 1 item_armor_combat
Item: 1 weapon_lightning
Item: 1 item_armor_shard
Item: 1 item_armor_shard
Item: 1 item_armor_shard
Item: 1 ammo_lightning
Item: 2 ammo_slugs
Item: 2 item_health
Item: 2 item_health
Item: 2 weapon_rocketlauncher
Item: 1 ammo_grenades
Item: 1 weapon_plasmagun
Item: 2 item_health_small
Item: 2 item_armor_body
Item: 2 weapon_plasmagun
Item: 2 ammo_rockets
Item: 2 item_health_large
Item: 2 weapon_railgun
Item: 2 item_health_small
Item: 2 item_health_small
Item: 2 item_health_small
Item: 2 weapon_lightning
Item: 1 weapon_plasmagun
Item: 2 ammo_lightning
Item: 2 weapon_shotgun
Item: 2 weapon_railgun
Item: 1 item_armor_shard
Item: 1 item_armor_shard
Item: 1 item_armor_shard
Item: 1 weapon_lightning
Item: 1 item_armor_combat
Rcon from 185.132.0.79: map cpm29
ClientUserinfoChanged: 1 n\Ignat\t\0\model\uriel/zael\c1\yyyyy\hc\100\w\0\l\0\a\0\f\0\nick\Ignat\c\0
broadcast: print "Ignat^7 entered the arena\n"
ClientBegin: 1
broadcast: print "twist^7 entered the arena\n"
ClientBegin: 2
Item: 1 item_armor_combat
Item: 1 weapon_grenadelauncher
Item: 2 item_health_small
Item: 2 item_health_small
Item: 2 item_health_small
Game_Start: FFA in arena 0
Item: 2 item_armor_jacket
Item: 2 weapon_rocketlauncher
Item: 1 ammo_grenades
Item: 1 ammo_rockets
Item: 2 item_armor_shard
Item: 2 item_armor_shard
Item: 2 item_armor_shard
Item: 2 item_armor_combat
Item: 2 weapon_plasmagun
Item: 1 item_health_mega
Item: 1 weapon_rocketlauncher
Item: 2 item_health
Item: 2 weapon_plasmagun
Item: 1 item_health
Item: 1 item_health
Kill: 2 1 6: twist killed Ignat by MOD_ROCKET 5 in arena 0
Item: 2 weapon_rocketlauncher
Item: 1 item_armor_combat
Item: 1 weapon_grenadelauncher
Item: 2 weapon_lightning
Item: 1 item_armor_shard
Item: 1 item_armor_shard
Item: 1 item_armor_shard
Item: 1 ammo_rockets
Item: 1 weapon_rocketlauncher
Item: 1 item_armor_shard
Item: 1 item_armor_shard
Item: 2 item_quad
Item: 1 weapon_rocketlauncher
Item: 1 ammo_lightning
Item: 2 ammo_cells
Item: 2 weapon_rocketlauncher
Item: 2 item_armor_shard
Item: 2 item_armor_combat
Item: 2 item_armor_shard
Item: 2 item_armor_shard
Item: 2 item_health
Item: 2 item_health
Item: 2 item_health_small
Item: 2 item_health_small
Item: 2 item_health_small
Kill: 2 1 7: twist killed Ignat by MOD_ROCKET_SPLASH 5 in arena 0
Item: 2 item_health_mega
Item: 1 item_armor_shard
Item: 1 item_armor_shard
Item: 2 weapon_rocketlauncher
Kill: 2 1 11: twist killed Ignat by MOD_LIGHTNING 2 in arena 0
Item: 1 weapon_rocketlauncher
Item: 1 item_armor_combat
Item: 2 item_armor_shard
Item: 2 item_armor_shard
Kill: 1 1 7: Ignat killed Ignat by MOD_ROCKET_SPLASH 5 in arena 0
Item: 2 weapon_rocketlauncher
Item: 1 item_armor_jacket
Item: 2 item_armor_shard
Item: 1 weapon_rocketlauncher
Item: 2 ammo_rockets
Item: 1 item_armor_shard
Item: 1 item_armor_combat
Item: 2 weapon_rocketlauncher
Item: 1 ammo_shells
Item: 1 ammo_rockets
Item: 1 weapon_plasmagun
Item: 2 weapon_rocketlauncher
Item: 2 item_armor_shard
Item: 2 item_armor_shard
Item: 2 item_health
Item: 1 weapon_lightning
Item: 2 item_health
Item: 2 item_health
Item: 2 weapon_plasmagun
Item: 2 weapon_shotgun
Item: 1 weapon_lightning
Kill: 1 2 7: Ignat killed twist by MOD_ROCKET_SPLASH 5 in arena 0
Item: 1 weapon_rocketlauncher
Item: 2 item_armor_combat
Item: 2 weapon_grenadelauncher
Item: 1 weapon_shotgun
Item: 2 weapon_rocketlauncher
Item: 1 item_armor_combat
Item: 2 ammo_grenades
Item: 2 weapon_lightning
Kill: 2 1 11: twist killed Ignat by MOD_LIGHTNING 5 in arena 0
Item: 2 weapon_rocketlauncher
Item: 1 weapon_grenadelauncher
Item: 2 weapon_lightning
Item: 1 weapon_plasmagun
Item: 2 item_quad
Kill: 2 1 6: twist killed Ignat by MOD_ROCKET 4 in arena 0
Item: 2 weapon_grenadelauncher
Item: 1 item_health_mega
Item: 1 item_armor_jacket
Item: 1 weapon_rocketlauncher
Item: 1 item_armor_shard
Item: 1 item_armor_shard
Item: 1 item_armor_shard
Item: 2 ammo_cells
Kill: 2 1 7: twist killed Ignat by MOD_ROCKET_SPLASH 5 in arena 0
Item: 2 item_armor_combat
Item: 2 item_health
Item: 2 item_health
Item: 1 weapon_rocketlauncher
Item: 1 weapon_rocketlauncher
Item: 2 item_health_small
Item: 2 item_health_small
Item: 2 item_health_small
Item: 1 item_armor_combat
Item: 1 ammo_shells
Item: 1 ammo_rockets
Kill: 2 1 11: twist killed Ignat by MOD_LIGHTNING 5 in arena 0
Item: 2 weapon_rocketlauncher
Item: 1 weapon_rocketlauncher
Item: 2 weapon_plasmagun
Item: 1 item_armor_jacket
Item: 2 item_health
Item: 1 weapon_shotgun
Item: 2 weapon_lightning
Item: 2 weapon_plasmagun
Item: 1 item_armor_shard
Item: 1 item_armor_shard
Item: 1 item_armor_shard
Item: 1 ammo_rockets
Item: 2 item_armor_combat
Item: 1 weapon_rocketlauncher
Item: 1 item_health
Item: 2 item_health_small
Item: 2 item_health_small
Item: 2 item_health_small
Item: 1 item_health
Kill: 2 1 11: twist killed Ignat by MOD_LIGHTNING 5 in arena 0
Item: 2 weapon_rocketlauncher
Item: 1 weapon_grenadelauncher
Item: 2 weapon_lightning
Item: 1 ammo_cells
Item: 2 item_armor_combat
Item: 2 weapon_shotgun
Item: 1 weapon_rocketlauncher
Item: 2 item_health_large
Item: 1 item_armor_shard
Item: 1 item_armor_shard
Item: 1 item_armor_shard
Item: 2 item_armor_jacket
Item: 2 weapon_rocketlauncher
Item: 2 item_health_mega
Item: 2 weapon_rocketlauncher
Item: 2 item_armor_combat
Item: 1 item_health
Kill: 2 1 6: twist killed Ignat by MOD_ROCKET 5 in arena 0
Item: 2 weapon_rocketlauncher
Item: 1 weapon_rocketlauncher
Item: 1 item_armor_combat
Item: 2 weapon_lightning
Item: 2 item_quad
Item: 2 weapon_shotgun
Kill: 2 1 6: twist killed Ignat by MOD_ROCKET 5 in arena 0
Item: 2 item_armor_shard
Item: 2 item_armor_shard
Item: 2 item_armor_shard
Item: 1 weapon_grenadelauncher
Item: 2 weapon_rocketlauncher
Item: 2 weapon_shotgun
Item: 1 item_armor_shard
Item: 1 item_armor_shard
Item: 1 item_armor_shard
Item: 1 ammo_rockets
Item: 2 item_armor_combat
Kill: 2 1 7: twist killed Ignat by MOD_ROCKET_SPLASH 4 in arena 0
Item: 1 weapon_rocketlauncher
Item: 2 item_health_small
Item: 2 item_health_small
Item: 2 item_health_small
Item: 2 weapon_rocketlauncher
Kill: 2 1 6: twist killed Ignat by MOD_ROCKET 5 in arena 0
Kill: 1 2 7: Ignat killed twist by MOD_ROCKET_SPLASH 5 in arena 0
Item: 2 weapon_rocketlauncher
Item: 2 weapon_grenadelauncher
Item: 1 item_quad
Item: 1 weapon_rocketlauncher
Item: 1 item_armor_jacket
Kill: 1 2 7: Ignat killed twist by MOD_ROCKET_SPLASH 5 in arena 0
Item: 1 item_health_large
Item: 2 item_health_mega
Item: 1 weapon_rocketlauncher
Item: 2 weapon_rocketlauncher
Item: 2 weapon_rocketlauncher
Kill: 1 2 6: Ignat killed twist by MOD_ROCKET 5 in arena 0
Item: 1 weapon_rocketlauncher
Item: 2 weapon_plasmagun
Item: 1 weapon_rocketlauncher
Item: 1 item_armor_shard
Item: 1 item_armor_shard
Item: 1 item_armor_combat
Item: 1 ammo_shells
Item: 1 item_health
Item: 1 item_health
Kill: 1 2 7: Ignat killed twist by MOD_ROCKET_SPLASH 8 in arena 0
Item: 2 weapon_rocketlauncher
Item: 1 item_health
Item: 2 item_armor_shard
Item: 1 ammo_cells
Item: 2 item_armor_jacket
Item: 1 ammo_lightning
Item: 1 item_armor_combat
Item: 2 weapon_shotgun
Item: 1 item_health
Item: 1 item_health
Kill: 2 1 1: twist killed Ignat by MOD_SHOTGUN 5 in arena 0
Kill: 1 2 7: Ignat killed twist by MOD_ROCKET_SPLASH 3 in arena 0
Item: 1 item_health_mega
Item: 1 weapon_rocketlauncher
Item: 1 item_armor_shard
Item: 1 item_armor_shard
Item: 1 item_armor_combat
Item: 2 weapon_rocketlauncher
Item: 1 weapon_plasmagun
Item: 2 weapon_rocketlauncher
Item: 1 weapon_plasmagun
Item: 2 item_health_small
Item: 2 item_health_small
Item: 2 item_health_small
Item: 1 weapon_shotgun
Kill: 1 2 7: Ignat killed twist by MOD_ROCKET_SPLASH 5 in arena 0
Item: 1 weapon_rocketlauncher
Item: 2 weapon_rocketlauncher
Item: 2 item_armor_combat
Item: 1 weapon_lightning
Item: 2 ammo_cells
Item: 2 weapon_plasmagun
Item: 2 item_health
Item: 2 item_health
Item: 2 item_quad
Kill: 2 1 7: twist killed Ignat by MOD_ROCKET_SPLASH 5 in arena 0
Item: 2 weapon_plasmagun
Item: 1 item_health_mega
Item: 2 item_armor_combat
Item: 1 weapon_rocketlauncher
Item: 1 item_armor_shard
Item: 1 item_armor_shard
Item: 1 item_armor_shard
Item: 1 item_armor_jacket
Item: 2 weapon_rocketlauncher
Kill: 2 1 6: twist killed Ignat by MOD_ROCKET 5 in arena 0
Item: 2 item_health_small
Item: 2 item_armor_shard
Item: 2 weapon_rocketlauncher
Item: 2 item_health
Item: 2 item_armor_combat
Item: 2 item_health
Item: 1 weapon_plasmagun
Item: 2 item_armor_shard
Item: 1 weapon_rocketlauncher
Item: 2 item_armor_shard
Item: 2 item_health_small
Item: 2 item_health_small
Item: 2 item_health_small
Item: 1 weapon_lightning
Item: 1 weapon_lightning
Item: 2 item_armor_shard
Item: 2 weapon_plasmagun
Item: 1 ammo_rockets
Item: 1 ammo_grenades
Item: 2 weapon_lightning
Item: 1 item_health_mega
Item: 2 weapon_shotgun
Kill: 2 1 6: twist killed Ignat by MOD_ROCKET 5 in arena 0
Item: 2 weapon_rocketlauncher
Item: 1 item_armor_combat
Item: 1 ammo_shells
Item: 1 ammo_rockets
Item: 1 weapon_plasmagun
Item: 1 item_health
Item: 1 item_health
Item: 2 weapon_shotgun
Item: 2 weapon_lightning
Kill: 2 1 6: twist killed Ignat by MOD_ROCKET 8 in arena 0
Item: 2 weapon_plasmagun
Item: 2 weapon_plasmagun
Item: 1 item_armor_combat
Item: 1 weapon_grenadelauncher
Item: 2 item_health
Item: 2 item_health
Item: 2 item_armor_shard
Item: 2 item_armor_shard
Item: 1 item_health_small
Item: 1 item_health_small
Item: 1 item_health
Item: 2 item_armor_combat
Item: 1 weapon_rocketlauncher
Item: 2 weapon_plasmagun
Item: 2 item_health
Item: 1 item_health_mega
Item: 2 item_armor_shard
Item: 2 item_armor_shard
Item: 2 item_armor_shard
Item: 1 weapon_rocketlauncher
Item: 1 item_armor_jacket
Item: 1 item_health_large
Item: 2 item_health
Item: 2 item_health
Item: 1 ammo_cells
Item: 2 item_quad
Item: 1 item_armor_combat
Item: 1 item_health_small
Item: 1 ammo_grenades
Item: 1 ammo_rockets
Item: 2 item_armor_shard
Item: 2 item_armor_shard
Item: 2 item_armor_shard
Item: 2 ammo_rockets
Item: 1 item_health_small
Item: 2 ammo_lightning
Item: 2 weapon_shotgun
Item: 2 item_armor_combat
Item: 1 item_health_mega
Item: 2 item_armor_shard
Item: 2 item_armor_shard
Item: 2 item_armor_shard
Item: 1 weapon_rocketlauncher
Item: 2 item_armor_shard
Item: 2 item_armor_shard
Item: 2 item_armor_shard
Item: 2 weapon_rocketlauncher
Item: 1 item_health_small
Item: 1 item_health_small
Item: 1 item_health_small
Item: 1 ammo_grenades
Item: 2 weapon_shotgun
Kill: 1 2 7: Ignat killed twist by MOD_ROCKET_SPLASH 5 in arena 0
Item: 2 weapon_rocketlauncher
Item: 2 item_armor_combat
Item: 1 weapon_rocketlauncher
Item: 1 item_armor_combat
Item: 2 weapon_plasmagun
Kill: 1 2 7: Ignat killed twist by MOD_ROCKET_SPLASH 5 in arena 0
Item: 1 weapon_rocketlauncher
Item: 2 item_health_mega
Item: 1 item_health
Item: 1 item_health
Item: 2 weapon_rocketlauncher
Item: 2 item_armor_shard
Item: 2 item_armor_shard
Item: 2 item_armor_shard
Kill: 2 1 7: twist killed Ignat by MOD_ROCKET_SPLASH 5 in arena 0
Item: 1 item_armor_jacket
Item: 2 weapon_rocketlauncher
Item: 1 weapon_rocketlauncher
Item: 2 weapon_shotgun
Item: 1 weapon_plasmagun
Item: 2 weapon_lightning
Item: 1 item_health
Item: 1 weapon_rocketlauncher
Item: 2 weapon_shotgun
Item: 1 item_health_large
Item: 1 weapon_shotgun
Item: 2 item_health
Item: 1 item_armor_combat
Item: 2 item_armor_combat
Item: 1 item_health
Item: 2 item_health
Item: 2 item_health
Item: 1 item_health_small
Item: 1 item_health_small
Item: 1 item_health_small
Item: 2 item_quad
Kill: 2 1 11: twist killed Ignat by MOD_LIGHTNING 5 in arena 0
Item: 2 weapon_rocketlauncher
Item: 1 item_health_mega
Item: 2 weapon_rocketlauncher
Item: 2 weapon_rocketlauncher
Kill: 2 1 7: twist killed Ignat by MOD_ROCKET_SPLASH 2 in arena 0
Item: 1 weapon_grenadelauncher
Item: 1 item_armor_shard
Item: 1 item_armor_shard
Item: 2 item_armor_combat
Item: 1 item_armor_shard
Kill: 2 1 6: twist killed Ignat by MOD_ROCKET 4 in arena 0
Item: 1 item_armor_jacket
Item: 1 weapon_rocketlauncher
Item: 1 item_armor_shard
Item: 1 item_armor_shard
Item: 1 item_armor_shard
Item: 2 ammo_cells
Item: 1 item_armor_combat
Kill: 2 1 7: twist killed Ignat by MOD_ROCKET_SPLASH 5 in arena 0
Item: 2 item_health
Item: 1 weapon_rocketlauncher
Item: 1 weapon_shotgun
Item: 2 item_health_small
Item: 2 item_health_small
Item: 2 item_health_small
Item: 1 weapon_grenadelauncher
Item: 2 item_health
Item: 2 item_health
Kill: 1 1 7: Ignat killed Ignat by MOD_ROCKET_SPLASH 5 in arena 0
Item: 2 weapon_rocketlauncher
Item: 2 item_armor_combat
Item: 1 item_health_mega
Item: 1 weapon_rocketlauncher
Item: 2 item_health_large
Item: 1 item_armor_jacket
Kill: 1 2 7: Ignat killed twist by MOD_ROCKET_SPLASH 6 in arena 0
Item: 2 weapon_rocketlauncher
Item: 2 item_armor_shard
Item: 2 item_armor_shard
Item: 1 weapon_plasmagun
Item: 2 item_armor_shard
Item: 1 item_armor_combat
Item: 1 ammo_shells
Item: 1 ammo_rockets
Kill: 2 1 7: twist killed Ignat by MOD_ROCKET_SPLASH 5 in arena 0
Item: 2 item_health
Item: 2 item_health
Item: 2 weapon_rocketlauncher
Item: 2 weapon_lightning
Item: 2 weapon_shotgun
Item: 1 weapon_rocketlauncher
Item: 1 item_health
Kill: 2 1 7: twist killed Ignat by MOD_ROCKET_SPLASH 5 in arena 0
Item: 2 item_armor_shard
Item: 2 item_armor_shard
Item: 2 weapon_rocketlauncher
Item: 1 item_health_mega
Item: 2 weapon_rocketlauncher
Item: 2 item_armor_jacket
Item: 1 ammo_shells
Item: 1 ammo_rockets
Item: 2 item_armor_combat
Item: 1 ammo_lightning
Kill: 2 1 6: twist killed Ignat by MOD_ROCKET 1 in arena 0
Item: 2 item_health
Item: 2 item_quad
Item: 2 weapon_lightning
Item: 1 weapon_rocketlauncher
Item: 2 weapon_plasmagun
Item: 1 item_armor_combat
Item: 2 ammo_cells
Kill: 2 1 11: twist killed Ignat by MOD_LIGHTNING 5 in arena 0
Item: 2 weapon_rocketlauncher
Item: 1 weapon_rocketlauncher
Item: 2 item_health
Item: 2 item_health_small
Item: 2 item_health_small
Item: 2 item_health_small
Item: 1 item_health_mega
Item: 1 item_armor_shard
Item: 1 weapon_rocketlauncher
Item: 1 item_armor_jacket
Item: 1 weapon_shotgun
Kill: 2 1 11: twist killed Ignat by MOD_LIGHTNING 5 in arena 0
Item: 2 weapon_rocketlauncher
Item: 1 weapon_rocketlauncher
Item: 1 item_armor_shard
Item: 1 item_armor_shard
Item: 2 item_armor_combat
Item: 1 ammo_shells
Item: 1 ammo_rockets
Kill: 2 1 7: twist killed Ignat by MOD_ROCKET_SPLASH 5 in arena 0
Item: 2 weapon_rocketlauncher
Item: 2 weapon_plasmagun
Item: 2 item_health
Item: 2 item_health
Item: 1 weapon_rocketlauncher
Item: 1 weapon_shotgun
Item: 2 weapon_lightning
Item: 1 item_armor_combat
Item: 2 weapon_shotgun
Item: 1 item_armor_shard
Item: 1 item_armor_shard
Item: 1 item_armor_shard
Item: 2 item_health_small
Item: 2 item_health_small
Item: 2 item_health_small
Item: 1 ammo_rockets
Kill: 1 2 7: Ignat killed twist by MOD_ROCKET_SPLASH 5 in arena 0
Item: 2 weapon_plasmagun
Item: 1 item_health
Item: 2 weapon_lightning
Item: 1 item_health_mega
Item: 2 weapon_shotgun
Item: 1 weapon_rocketlauncher
Item: 1 item_armor_jacket
Item: 2 item_armor_combat
Item: 1 weapon_shotgun
Item: 2 ammo_cells
Item: 1 weapon_grenadelauncher
Item: 1 item_armor_combat
Item: 2 item_health
Item: 2 item_health
Item: 1 item_armor_shard
Item: 1 item_armor_shard
Item: 1 weapon_rocketlauncher
Item: 1 item_armor_shard
Kill: 1 2 6: Ignat killed twist by MOD_ROCKET 6 in arena 0
Kill: 1 1 7: Ignat killed Ignat by MOD_ROCKET_SPLASH 5 in arena 0
Item: 2 weapon_plasmagun
Item: 1 weapon_rocketlauncher
Item: 1 item_armor_shard
Item: 1 item_armor_shard
Item: 1 item_armor_shard
Item: 2 weapon_lightning
Kill: 2 1 11: twist killed Ignat by MOD_LIGHTNING 5 in arena 0
Item: 2 weapon_rocketlauncher
Item: 2 item_quad
Item: 1 weapon_rocketlauncher
Item: 2 item_health
Item: 2 item_health
Item: 2 weapon_plasmagun
Item: 1 ammo_rockets
Item: 1 weapon_rocketlauncher
Item: 2 weapon_lightning
Kill: 2 1 11: twist killed Ignat by MOD_LIGHTNING 5 in arena 0
broadcast: print "Fraglimit hit\n"
Exit: Fraglimit hit in arena 0
score: 30  ping: 48  client: 2 twist
score: 9  ping: 48  client: 1 Ignat
broadcast: print "twist^7 disconnected\n"
ClientDisconnect: 2
broadcast: print "Ignat^7 disconnected\n"
ClientDisconnect: 1
Game_Start: FFA in arena 0
Idle for 10 minutes: resetting back to defaults
broadcast: print "^3Standard Mode: ^5FFA\n"
broadcast: print "^3Base Game: ^5FFA\n"
broadcast: print "^3Fraglimit: ^530\n"
broadcast: print "^3Overtime Mode: ^5Sudden Death (first score decides)\n"
broadcast: print "^3MegaHealth Respawn: ^5PERIODIC\n"
broadcast: print "^3Warmup: ^5DISABLED\n"
broadcast: print "^3Weapon Respawn Delay: ^55\n"
Game_Start: FFA in arena 0
Loading maplist from cfg-maps/ffamaps.txt
^3ServerEd:^7 config found for cpm16ffa"
==== ShutdownGame ====
ShutdownGame:
------------------------------------------------------------
AAS shutdown.
------ Server Initialization ------
Server: cpm16
Hunk_Clear: reset the hunk ok
We are looking in the current search path:
/root/.q3a/cpma
/quake3/cpma
/quake3/cpma/z-cpma-pak152.pk3 (628 files)
/root/.q3a/baseq3
/root/.q3a/baseq3/pak8.pk3 (9 files)
/root/.q3a/baseq3/pak7.pk3 (4 files)
/root/.q3a/baseq3/pak6.pk3 (64 files)
/root/.q3a/baseq3/pak5.pk3 (7 files)
/root/.q3a/baseq3/pak4.pk3 (272 files)
/root/.q3a/baseq3/pak3.pk3 (4 files)
/root/.q3a/baseq3/pak2.pk3 (148 files)
/root/.q3a/baseq3/pak1.pk3 (26 files)
/root/.q3a/baseq3/pak0.pk3 (3539 files)
/root/.q3a/baseq3/map_cpmctf5.pk3 (16 files)
/root/.q3a/baseq3/map_cpmctf3.pk3 (118 files)
/root/.q3a/baseq3/map_cpmctf2.pk3 (57 files)
/root/.q3a/baseq3/map_cpmctf1.pk3 (45 files)
/root/.q3a/baseq3/map_cpma3.pk3 (10 files)
/root/.q3a/baseq3/map_cpm9.pk3 (10 files)
/root/.q3a/baseq3/map_cpm8.pk3 (13 files)
/root/.q3a/baseq3/map_cpm7.pk3 (15 files)
/root/.q3a/baseq3/map_cpm6.pk3 (41 files)
/root/.q3a/baseq3/map_cpm5.pk3 (7 files)
/root/.q3a/baseq3/map_cpm4a.pk3 (74 files)
/root/.q3a/baseq3/map_cpm4.pk3 (7 files)
/root/.q3a/baseq3/map_cpm3a.pk3 (79 files)
/root/.q3a/baseq3/map_cpm3.pk3 (28 files)
/root/.q3a/baseq3/map_cpm29.pk3 (78 files)
/root/.q3a/baseq3/map_cpm28.pk3 (33 files)
/root/.q3a/baseq3/map_cpm27.pk3 (95 files)
/root/.q3a/baseq3/map_cpm26_cpmctf4.pk3 (100 files)
/root/.q3a/baseq3/map_cpm25.pk3 (59 files)
/root/.q3a/baseq3/map_cpm24.pk3 (44 files)
/root/.q3a/baseq3/map_cpm23.pk3 (91 files)
/root/.q3a/baseq3/map_cpm22.pk3 (60 files)
/root/.q3a/baseq3/map_cpm21.pk3 (93 files)
/root/.q3a/baseq3/map_cpm20.pk3 (82 files)
/root/.q3a/baseq3/map_cpm2.pk3 (14 files)
/root/.q3a/baseq3/map_cpm1a.pk3 (57 files)
/root/.q3a/baseq3/map_cpm19.pk3 (58 files)
/root/.q3a/baseq3/map_cpm18r.pk3 (79 files)
/root/.q3a/baseq3/map_cpm18.pk3 (77 files)
/root/.q3a/baseq3/map_cpm17.pk3 (71 files)
/root/.q3a/baseq3/map_cpm16.pk3 (34 files)
/root/.q3a/baseq3/map_cpm15.pk3 (28 files)
/root/.q3a/baseq3/map_cpm14.pk3 (86 files)
/root/.q3a/baseq3/map_cpm13.pk3 (72 files)
/root/.q3a/baseq3/map_cpm12.pk3 (20 files)
/root/.q3a/baseq3/map_cpm11a.pk3 (18 files)
/root/.q3a/baseq3/map_cpm11.pk3 (15 files)
/root/.q3a/baseq3/map_cpm10.pk3 (16 files)
/quake3/baseq3

handle 1: qconsole.log
----------------------
6601 files in pk3 files
Loading vm file vm/qagame.qvm...
File "vm/qagame.qvm" found in "/quake3/cpma/z-cpma-pak152.pk3"
VM file qagame compiled to 3402547 bytes of code
qagame loaded in 6373888 bytes on the hunk
------- Game Initialization -------
gamename: cpma
gamedate: Apr 03 2019
------------------------------------------------------------
InitGame: \sv_hostname\q3.twst.dev\sv_minRate\0\sv_maxRate\0\sv_dlRate\100\sv_minPing\0\sv_maxPing\0\sv_floodProtect\0\dmflags\0\fraglimit\30\timelimit\60\g_gametype\0\sv_maxclients\8\g_maxGameClients\0\server_gameplay\CPM\sv_privateclients\1\sv_allowdownload\0\version\ioq3 1.36 linux-x86_64 Oct 12 2022\com_gamename\Quake3Arena\com_protocol\71\mapname\cpm16\sv_fps\20\game\CPMA\gamename\cpma\gamedate\Apr 03 2019\gameversion\1.52\sv_arenas\1\Score_Time\Warmup\Score_Red\0\Score_Blue\0\GTV_CN\1\g_needpass\0\mode_current\FFA
^3ServerEd:^7 processing map config: "maps\cpm16ffa.map" (6651 bytes).
0 teams with 0 entities
Loaded arena 0 (Iron Lung)
Game_Start:  in arena 0
broadcast: print "^3Standard Mode: ^5FFA\n"
broadcast: print "^3Base Game: ^5FFA\n"
broadcast: print "^3Fraglimit: ^530\n"
broadcast: print "^3Overtime Mode: ^5Sudden Death (first score decides)\n"
broadcast: print "^3MegaHealth Respawn: ^5PERIODIC\n"
broadcast: print "^3Warmup: ^5DISABLED\n"
broadcast: print "^3Weapon Respawn Delay: ^55\n"
Game_Start: FFA in arena 0
Loading maplist from cfg-maps/ffamaps.txt
Parsing classes/sniper.cfg
Parsing classes/scout.cfg
Parsing classes/tank.cfg
Parsing classes/fighter.cfg
-----------------------------------
------- BotLib Initialization -------
loaded weapons.c
loaded items.c
loaded syn.c
loaded rnd.c
loaded match.c
loaded rchat.c
------------ Map Loading ------------
trying to load maps/cpm16.aas
loaded maps/cpm16.aas
item_botroam in solid at (312.0 -96.0 456.0)
item_botroam in solid at (1024.0 -768.0 520.0)
item_botroam in solid at (453.0 -545.0 456.0)
found 70 level items
-------------------------------------
35 bots parsed
74 arenas parsed

ERROR: Could not open player filter file "filters.txt"
*** Player filters DISABLED.


*** Player name restrictions DISABLED

*** Admin logging DISABLED

>>> MOTD: Setting MOTD through cvars

AAS initialized.
-----------------------------------
